<?xml version="1.0" encoding="UTF-8"?>
<testsuite xmlns:xsi="http://www.w3.org/2001/XMLSchema-instance" xsi:noNamespaceSchemaLocation="https://maven.apache.org/surefire/maven-failsafe-plugin/xsd/failsafe-test-report-3.0.xsd" version="3.0" name="As admin i want to create account So that i can login and see home page" time="33.167" tests="13" errors="0" skipped="0" failures="0">
  <properties>
[...]
</properties>
  <testcase name="POST - As a admin I success to create account with valid data" classname="As admin i want to create account So that i can login and see home page" time="17.328">
    <system-out><![CDATA[20:24:27.225 [pool-2-thread-1] INFO io.cucumber.core.plugin.SerenityReporter - Running feature from file:///D:/kampus%20merdeka/QE_Capstone%20Kanbo/capstone/api/src/test/resources/api/Login.feature

20:24:27.231 [pool-2-thread-1] WARN io.cucumber.core.plugin.SerenityReporter - Feature from file:///D:/kampus%20merdeka/QE_Capstone%20Kanbo/capstone/api/src/test/resources/api/Login.feature is not under the 'features' directory. Requirements report will not be correctly generated!

20:24:27.669 [pool-2-thread-1] INFO  - 

-------------------------------------------------------------------------------------
     _______. _______ .______       _______ .__   __.  __  .___________.____    ____ 
    /       ||   ____||   _  \     |   ____||  \ |  | |  | |           |\   \  /   / 
   |   (----`|  |__   |  |_)  |    |  |__   |   \|  | |  | `---|  |----` \   \/   /  
    \   \    |   __|  |      /     |   __|  |  . `  | |  |     |  |       \_    _/   
.----)   |   |  |____ |  |\  \----.|  |____ |  |\   | |  |     |  |         |  |     
|_______/    |_______|| _| `._____||_______||__| \__| |__|     |__|         |__|    
                                                                                     
 News and tutorials at http://www.serenity-bdd.info                                  
 Documentation at https://wakaleo.gitbooks.io/the-serenity-book/content/             
 Join the Serenity Community on Gitter: https://gitter.im/serenity-bdd/serenity-core 
 Serenity BDD Support and Training at http://serenity-bdd.info/#/trainingandsupport  
-------------------------------------------------------------------------------------


20:24:27.675 [pool-2-thread-1] DEBUG net.thucydides.core.steps.StepEventBus - Test suite started for story net.thucydides.core.model.Story@aceaab78

20:24:27.681 [pool-2-thread-1] INFO  - Test Suite Started: As user I want to see home page So that i can buy product

20:24:27.733 [pool-2-thread-1] INFO io.cucumber.core.plugin.SerenityReporter - Running feature from file:///D:/kampus%20merdeka/QE_Capstone%20Kanbo/capstone/api/src/test/resources/api/Register.feature

20:24:27.734 [pool-2-thread-1] WARN io.cucumber.core.plugin.SerenityReporter - Feature from file:///D:/kampus%20merdeka/QE_Capstone%20Kanbo/capstone/api/src/test/resources/api/Register.feature is not under the 'features' directory. Requirements report will not be correctly generated!

20:24:27.771 [pool-2-thread-1] DEBUG net.thucydides.core.steps.StepEventBus - Test suite started for story net.thucydides.core.model.Story@c2c0b688

20:24:27.771 [pool-2-thread-1] INFO  - Test Suite Started: As admin i want to create account So that i can login and see home page



13
 Scenarios (
&amp#27;[32m13 passed&amp#27;[0m
)


52
 Steps (
&amp#27;[32m52 passed&amp#27;[0m
)


0m
33.733s






20:25:00.953 [pool-2-thread-1] DEBUG net.thucydides.core.reports.ReportService - Reporting formats: [JSON, HTML]

20:25:01.110 [pool-2-thread-1] DEBUG net.thucydides.core.reports.ReportService - Reporting formats: [JSON, HTML]

20:25:01.144 [pool-2-thread-1] DEBUG net.thucydides.core.reports.ReportService - Generating reports for 13 test outcomes using: net.thucydides.core.reports.json.JSONTestOutcomeReporter@4c4b18e3

20:25:01.146 [pool-2-thread-1] DEBUG net.thucydides.core.reports.ReportService - Processing test outcome As admin i want to create account So that i can login and see home page:POST - As a admin I success to create account with valid data

20:25:01.147 [pool-2-thread-2] DEBUG net.thucydides.core.reports.ReportService - Processing test outcome As admin i want to create account So that i can login and see home page:POST - As a admin I failed to create account with empty data

20:25:01.147 [pool-2-thread-3] DEBUG net.thucydides.core.reports.ReportService - Processing test outcome As admin i want to create account So that i can login and see home page:POST - As a admin I failed to create account with empty email

20:25:01.147 [pool-2-thread-4] DEBUG net.thucydides.core.reports.ReportService - Processing test outcome As admin i want to create account So that i can login and see home page:POST - As a admin I failed to create account with not use @ in email

20:25:01.147 [pool-2-thread-1] INFO net.thucydides.core.reports.ReportService - net.thucydides.core.reports.json.JSONTestOutcomeReporter@4c4b18e3: Generating report for test outcome: As admin i want to create account So that i can login and see home page:POST - As a admin I success to create account with valid data

20:25:01.147 [pool-2-thread-2] INFO net.thucydides.core.reports.ReportService - net.thucydides.core.reports.json.JSONTestOutcomeReporter@4c4b18e3: Generating report for test outcome: As admin i want to create account So that i can login and see home page:POST - As a admin I failed to create account with empty data

20:25:01.148 [pool-2-thread-3] INFO net.thucydides.core.reports.ReportService - net.thucydides.core.reports.json.JSONTestOutcomeReporter@4c4b18e3: Generating report for test outcome: As admin i want to create account So that i can login and see home page:POST - As a admin I failed to create account with empty email

20:25:01.148 [pool-2-thread-4] INFO net.thucydides.core.reports.ReportService - net.thucydides.core.reports.json.JSONTestOutcomeReporter@4c4b18e3: Generating report for test outcome: As admin i want to create account So that i can login and see home page:POST - As a admin I failed to create account with not use @ in email

20:25:01.184 [pool-2-thread-2] DEBUG net.thucydides.core.reports.json.JSONTestOutcomeReporter - Generating JSON report for POST - As a admin I failed to create account with empty data to file D:\kampus merdeka\QE_Capstone Kanbo\capstone\api\target\site\serenity\200412b6f21b369a4aac63e3283f41928ab822f862cd6b8c04a81209a244bb87.json (using temp file D:\kampus merdeka\QE_Capstone Kanbo\capstone\api\target\site\serenity\200412b6f21b369a4aac63e3283f41928ab822f862cd6b8c04a81209a244bb87.json5bdbfa72-0d1d-41a6-bc81-ff1c9c2d00cd)

20:25:01.184 [pool-2-thread-1] DEBUG net.thucydides.core.reports.json.JSONTestOutcomeReporter - Generating JSON report for POST - As a admin I success to create account with valid data to file D:\kampus merdeka\QE_Capstone Kanbo\capstone\api\target\site\serenity\85e2258da27bf95d4afefaa6067c367f99d92fdf1aa2e78e45a6c757558f094a.json (using temp file D:\kampus merdeka\QE_Capstone Kanbo\capstone\api\target\site\serenity\85e2258da27bf95d4afefaa6067c367f99d92fdf1aa2e78e45a6c757558f094a.json7ef90f74-adf7-4f22-8320-f0bcbdc9598a)

20:25:01.184 [pool-2-thread-3] DEBUG net.thucydides.core.reports.json.JSONTestOutcomeReporter - Generating JSON report for POST - As a admin I failed to create account with empty email to file D:\kampus merdeka\QE_Capstone Kanbo\capstone\api\target\site\serenity\e46997ee64104f03b09704280f2b03985ce5fb7ca4232d1e9375a42283de9ec2.json (using temp file D:\kampus merdeka\QE_Capstone Kanbo\capstone\api\target\site\serenity\e46997ee64104f03b09704280f2b03985ce5fb7ca4232d1e9375a42283de9ec2.json89ccf96a-02b7-4de9-b55e-811026f05e91)

20:25:01.184 [pool-2-thread-4] DEBUG net.thucydides.core.reports.json.JSONTestOutcomeReporter - Generating JSON report for POST - As a admin I failed to create account with not use @ in email to file D:\kampus merdeka\QE_Capstone Kanbo\capstone\api\target\site\serenity\3cdc0626e2248fdcb2dbfe7196e3810053efb8322e0290a5c3b83be2e1abc3a9.json (using temp file D:\kampus merdeka\QE_Capstone Kanbo\capstone\api\target\site\serenity\3cdc0626e2248fdcb2dbfe7196e3810053efb8322e0290a5c3b83be2e1abc3a9.jsonf2773f66-1fd9-441f-91cf-6c00d320073a)

20:25:01.320 [pool-2-thread-3] DEBUG net.thucydides.core.reports.ReportService - Processing test outcome As admin i want to create account So that i can login and see home page:POST - As a admin I failed to create account with empty email done

20:25:01.320 [pool-2-thread-4] DEBUG net.thucydides.core.reports.ReportService - Processing test outcome As admin i want to create account So that i can login and see home page:POST - As a admin I failed to create account with not use @ in email done

20:25:01.320 [pool-2-thread-1] DEBUG net.thucydides.core.reports.ReportService - Processing test outcome As admin i want to create account So that i can login and see home page:POST - As a admin I success to create account with valid data done

20:25:01.320 [pool-2-thread-2] DEBUG net.thucydides.core.reports.ReportService - Processing test outcome As admin i want to create account So that i can login and see home page:POST - As a admin I failed to create account with empty data done

20:25:01.320 [pool-2-thread-3] DEBUG net.thucydides.core.reports.ReportService - Processing test outcome As admin i want to create account So that i can login and see home page:POST - As a admin I failed to create account with not use domain email

20:25:01.320 [pool-2-thread-4] DEBUG net.thucydides.core.reports.ReportService - Processing test outcome As admin i want to create account So that i can login and see home page:POST - As a admin I failed to create account with empty username

20:25:01.321 [pool-2-thread-1] DEBUG net.thucydides.core.reports.ReportService - Processing test outcome As admin i want to create account So that i can login and see home page:POST - As a admin I failed to create account with fill number on username field

20:25:01.321 [pool-2-thread-2] DEBUG net.thucydides.core.reports.ReportService - Processing test outcome As admin i want to create account So that i can login and see home page:POST - As a admin I failed to create account with fill letter only on username field

20:25:01.321 [pool-2-thread-3] INFO net.thucydides.core.reports.ReportService - net.thucydides.core.reports.json.JSONTestOutcomeReporter@4c4b18e3: Generating report for test outcome: As admin i want to create account So that i can login and see home page:POST - As a admin I failed to create account with not use domain email

20:25:01.321 [pool-2-thread-4] INFO net.thucydides.core.reports.ReportService - net.thucydides.core.reports.json.JSONTestOutcomeReporter@4c4b18e3: Generating report for test outcome: As admin i want to create account So that i can login and see home page:POST - As a admin I failed to create account with empty username

20:25:01.322 [pool-2-thread-1] INFO net.thucydides.core.reports.ReportService - net.thucydides.core.reports.json.JSONTestOutcomeReporter@4c4b18e3: Generating report for test outcome: As admin i want to create account So that i can login and see home page:POST - As a admin I failed to create account with fill number on username field

20:25:01.322 [pool-2-thread-2] INFO net.thucydides.core.reports.ReportService - net.thucydides.core.reports.json.JSONTestOutcomeReporter@4c4b18e3: Generating report for test outcome: As admin i want to create account So that i can login and see home page:POST - As a admin I failed to create account with fill letter only on username field

20:25:01.324 [pool-2-thread-2] DEBUG net.thucydides.core.reports.json.JSONTestOutcomeReporter - Generating JSON report for POST - As a admin I failed to create account with fill letter only on username field to file D:\kampus merdeka\QE_Capstone Kanbo\capstone\api\target\site\serenity\c037f609a3184c88058661f2319fa8122d2b5132527bb06e3e2984c6f3a637aa.json (using temp file D:\kampus merdeka\QE_Capstone Kanbo\capstone\api\target\site\serenity\c037f609a3184c88058661f2319fa8122d2b5132527bb06e3e2984c6f3a637aa.json4a0c49a2-0112-4e38-a68a-6fad672a572d)

20:25:01.325 [pool-2-thread-1] DEBUG net.thucydides.core.reports.json.JSONTestOutcomeReporter - Generating JSON report for POST - As a admin I failed to create account with fill number on username field to file D:\kampus merdeka\QE_Capstone Kanbo\capstone\api\target\site\serenity\64e9a8a8ad52069178243b002a296323bfc1275fae12f5ca1afc09e0e41fb330.json (using temp file D:\kampus merdeka\QE_Capstone Kanbo\capstone\api\target\site\serenity\64e9a8a8ad52069178243b002a296323bfc1275fae12f5ca1afc09e0e41fb330.json70ba286d-7439-4483-9945-f71a689e0084)

20:25:01.325 [pool-2-thread-3] DEBUG net.thucydides.core.reports.json.JSONTestOutcomeReporter - Generating JSON report for POST - As a admin I failed to create account with not use domain email to file D:\kampus merdeka\QE_Capstone Kanbo\capstone\api\target\site\serenity\5382a4f68bdcba5c07e79c9b630e78afa0032e1b36ce3ccbb567947da7427a6b.json (using temp file D:\kampus merdeka\QE_Capstone Kanbo\capstone\api\target\site\serenity\5382a4f68bdcba5c07e79c9b630e78afa0032e1b36ce3ccbb567947da7427a6b.jsonc0510361-f28c-4520-a3f9-7c11fd382f18)

20:25:01.325 [pool-2-thread-4] DEBUG net.thucydides.core.reports.json.JSONTestOutcomeReporter - Generating JSON report for POST - As a admin I failed to create account with empty username to file D:\kampus merdeka\QE_Capstone Kanbo\capstone\api\target\site\serenity\c54821ea9f6ad074cd998626c77f7149de4b0401dddb829f98c18cde864f457c.json (using temp file D:\kampus merdeka\QE_Capstone Kanbo\capstone\api\target\site\serenity\c54821ea9f6ad074cd998626c77f7149de4b0401dddb829f98c18cde864f457c.jsonedba310a-c4b6-4af9-b7b9-4207c3ebd986)

20:25:01.362 [pool-2-thread-3] DEBUG net.thucydides.core.reports.ReportService - Processing test outcome As admin i want to create account So that i can login and see home page:POST - As a admin I failed to create account with not use domain email done

20:25:01.363 [pool-2-thread-3] DEBUG net.thucydides.core.reports.ReportService - Processing test outcome As admin i want to create account So that i can login and see home page:POST - As a admin I failed to create account with empty password

20:25:01.363 [pool-2-thread-3] INFO net.thucydides.core.reports.ReportService - net.thucydides.core.reports.json.JSONTestOutcomeReporter@4c4b18e3: Generating report for test outcome: As admin i want to create account So that i can login and see home page:POST - As a admin I failed to create account with empty password

20:25:01.364 [pool-2-thread-2] DEBUG net.thucydides.core.reports.ReportService - Processing test outcome As admin i want to create account So that i can login and see home page:POST - As a admin I failed to create account with fill letter only on username field done

20:25:01.365 [pool-2-thread-2] DEBUG net.thucydides.core.reports.ReportService - Processing test outcome As admin i want to create account So that i can login and see home page:POST - As a admin I failed to create account with invalid password

20:25:01.365 [pool-2-thread-2] INFO net.thucydides.core.reports.ReportService - net.thucydides.core.reports.json.JSONTestOutcomeReporter@4c4b18e3: Generating report for test outcome: As admin i want to create account So that i can login and see home page:POST - As a admin I failed to create account with invalid password

20:25:01.371 [pool-2-thread-1] DEBUG net.thucydides.core.reports.ReportService - Processing test outcome As admin i want to create account So that i can login and see home page:POST - As a admin I failed to create account with fill number on username field done

20:25:01.371 [pool-2-thread-2] DEBUG net.thucydides.core.reports.json.JSONTestOutcomeReporter - Generating JSON report for POST - As a admin I failed to create account with invalid password to file D:\kampus merdeka\QE_Capstone Kanbo\capstone\api\target\site\serenity\03b7de697f7da61f18ad2777d55ec6ec9a6a3613d6db1b6988205b79c12ea09e.json (using temp file D:\kampus merdeka\QE_Capstone Kanbo\capstone\api\target\site\serenity\03b7de697f7da61f18ad2777d55ec6ec9a6a3613d6db1b6988205b79c12ea09e.json88cac02b-8eb7-498c-b143-c4509e1176ea)

20:25:01.372 [pool-2-thread-1] DEBUG net.thucydides.core.reports.ReportService - Processing test outcome As admin i want to create account So that i can login and see home page:POST - As a admin I failed to create account with fill password with number only

20:25:01.373 [pool-2-thread-1] INFO net.thucydides.core.reports.ReportService - net.thucydides.core.reports.json.JSONTestOutcomeReporter@4c4b18e3: Generating report for test outcome: As admin i want to create account So that i can login and see home page:POST - As a admin I failed to create account with fill password with number only

20:25:01.374 [pool-2-thread-3] DEBUG net.thucydides.core.reports.json.JSONTestOutcomeReporter - Generating JSON report for POST - As a admin I failed to create account with empty password to file D:\kampus merdeka\QE_Capstone Kanbo\capstone\api\target\site\serenity\d7a1d9124352a53740a129c542c4bfea67d4d673f963cf9cf2cb991a808f2ef1.json (using temp file D:\kampus merdeka\QE_Capstone Kanbo\capstone\api\target\site\serenity\d7a1d9124352a53740a129c542c4bfea67d4d673f963cf9cf2cb991a808f2ef1.json08a40ad1-da4b-45d9-bc65-fbda1b749bc2)

20:25:01.374 [pool-2-thread-1] DEBUG net.thucydides.core.reports.json.JSONTestOutcomeReporter - Generating JSON report for POST - As a admin I failed to create account with fill password with number only to file D:\kampus merdeka\QE_Capstone Kanbo\capstone\api\target\site\serenity\9429f88ce02a356535f419cbe17c42db6fe53788e039106c5565aa15240e8279.json (using temp file D:\kampus merdeka\QE_Capstone Kanbo\capstone\api\target\site\serenity\9429f88ce02a356535f419cbe17c42db6fe53788e039106c5565aa15240e8279.json480fcec4-0903-4d9d-9df2-96dce95cb9c3)

20:25:01.381 [pool-2-thread-3] DEBUG net.thucydides.core.reports.ReportService - Processing test outcome As admin i want to create account So that i can login and see home page:POST - As a admin I failed to create account with empty password done

20:25:01.381 [pool-2-thread-3] DEBUG net.thucydides.core.reports.ReportService - Processing test outcome As admin i want to create account So that i can login and see home page:POST - As a admin I failed to create account with fill password with letter only

20:25:01.381 [pool-2-thread-3] INFO net.thucydides.core.reports.ReportService - net.thucydides.core.reports.json.JSONTestOutcomeReporter@4c4b18e3: Generating report for test outcome: As admin i want to create account So that i can login and see home page:POST - As a admin I failed to create account with fill password with letter only

20:25:01.381 [pool-2-thread-4] DEBUG net.thucydides.core.reports.ReportService - Processing test outcome As admin i want to create account So that i can login and see home page:POST - As a admin I failed to create account with empty username done

20:25:01.382 [pool-2-thread-3] DEBUG net.thucydides.core.reports.json.JSONTestOutcomeReporter - Generating JSON report for POST - As a admin I failed to create account with fill password with letter only to file D:\kampus merdeka\QE_Capstone Kanbo\capstone\api\target\site\serenity\95dc3f292ac1751725bd1fdd3cb9b5267cd5fdb389ac2f580cebcf926c1614bf.json (using temp file D:\kampus merdeka\QE_Capstone Kanbo\capstone\api\target\site\serenity\95dc3f292ac1751725bd1fdd3cb9b5267cd5fdb389ac2f580cebcf926c1614bf.jsonb0ce03fe-ad58-431c-9863-a79899ac0a83)

20:25:01.387 [pool-2-thread-3] DEBUG net.thucydides.core.reports.ReportService - Processing test outcome As admin i want to create account So that i can login and see home page:POST - As a admin I failed to create account with fill password with letter only done

20:25:01.382 [pool-2-thread-4] DEBUG net.thucydides.core.reports.ReportService - Processing test outcome As admin i want to create account So that i can login and see home page:POST - As a admin I failed to create account with fill password with combination char

20:25:01.389 [pool-2-thread-4] INFO net.thucydides.core.reports.ReportService - net.thucydides.core.reports.json.JSONTestOutcomeReporter@4c4b18e3: Generating report for test outcome: As admin i want to create account So that i can login and see home page:POST - As a admin I failed to create account with fill password with combination char

20:25:01.398 [pool-2-thread-2] DEBUG net.thucydides.core.reports.ReportService - Processing test outcome As admin i want to create account So that i can login and see home page:POST - As a admin I failed to create account with invalid password done

20:25:01.398 [pool-2-thread-4] DEBUG net.thucydides.core.reports.json.JSONTestOutcomeReporter - Generating JSON report for POST - As a admin I failed to create account with fill password with combination char to file D:\kampus merdeka\QE_Capstone Kanbo\capstone\api\target\site\serenity\a8d31813fed8717112848db82db5d3eed5c2f9e6e388e85c9a0b971e7a7ed34e.json (using temp file D:\kampus merdeka\QE_Capstone Kanbo\capstone\api\target\site\serenity\a8d31813fed8717112848db82db5d3eed5c2f9e6e388e85c9a0b971e7a7ed34e.json53cc848d-5473-4b7d-a808-12f8f47d2c21)

20:25:01.401 [pool-2-thread-1] DEBUG net.thucydides.core.reports.ReportService - Processing test outcome As admin i want to create account So that i can login and see home page:POST - As a admin I failed to create account with fill password with number only done

20:25:01.405 [pool-2-thread-4] DEBUG net.thucydides.core.reports.ReportService - Processing test outcome As admin i want to create account So that i can login and see home page:POST - As a admin I failed to create account with fill password with combination char done

20:25:01.405 [pool-2-thread-1] DEBUG net.thucydides.core.reports.ReportService - Shutting down executor service

20:25:01.406 [pool-2-thread-1] DEBUG net.thucydides.core.reports.ReportService - Reports generated in: 262 ms

20:25:01.406 [pool-2-thread-1] DEBUG net.thucydides.core.reports.ReportService - Generating reports for 13 test outcomes using: net.thucydides.core.reports.html.HtmlAcceptanceTestReporter@7225bed2

20:25:01.413 [pool-3-thread-1] DEBUG net.thucydides.core.reports.ReportService - Processing test outcome As admin i want to create account So that i can login and see home page:POST - As a admin I success to create account with valid data

20:25:01.414 [pool-3-thread-1] INFO net.thucydides.core.reports.ReportService - net.thucydides.core.reports.html.HtmlAcceptanceTestReporter@7225bed2: Generating report for test outcome: As admin i want to create account So that i can login and see home page:POST - As a admin I success to create account with valid data

20:25:01.413 [pool-3-thread-2] DEBUG net.thucydides.core.reports.ReportService - Processing test outcome As admin i want to create account So that i can login and see home page:POST - As a admin I failed to create account with empty data

20:25:01.414 [pool-3-thread-2] INFO net.thucydides.core.reports.ReportService - net.thucydides.core.reports.html.HtmlAcceptanceTestReporter@7225bed2: Generating report for test outcome: As admin i want to create account So that i can login and see home page:POST - As a admin I failed to create account with empty data

20:25:01.415 [pool-3-thread-4] DEBUG net.thucydides.core.reports.ReportService - Processing test outcome As admin i want to create account So that i can login and see home page:POST - As a admin I failed to create account with not use @ in email

20:25:01.416 [pool-3-thread-4] INFO net.thucydides.core.reports.ReportService - net.thucydides.core.reports.html.HtmlAcceptanceTestReporter@7225bed2: Generating report for test outcome: As admin i want to create account So that i can login and see home page:POST - As a admin I failed to create account with not use @ in email

20:25:01.416 [pool-3-thread-3] DEBUG net.thucydides.core.reports.ReportService - Processing test outcome As admin i want to create account So that i can login and see home page:POST - As a admin I failed to create account with empty email

20:25:01.417 [pool-3-thread-3] INFO net.thucydides.core.reports.ReportService - net.thucydides.core.reports.html.HtmlAcceptanceTestReporter@7225bed2: Generating report for test outcome: As admin i want to create account So that i can login and see home page:POST - As a admin I failed to create account with empty email

20:25:01.472 [pool-3-thread-4] WARN net.thucydides.core.requirements.RequirementsTagProvider - Failed to load requirements: Illegal char <:> at index 4: file:\D:\kampus%20merdeka\QE_Capstone%20Kanbo\capstone\api\src\test\resources\api\Register.feature
java.nio.file.InvalidPathException: Illegal char <:> at index 4: file:\D:\kampus%20merdeka\QE_Capstone%20Kanbo\capstone\api\src\test\resources\api\Register.feature
	at sun.nio.fs.WindowsPathParser.normalize(WindowsPathParser.java:182)
	at sun.nio.fs.WindowsPathParser.parse(WindowsPathParser.java:153)
	at sun.nio.fs.WindowsPathParser.parse(WindowsPathParser.java:77)
	at sun.nio.fs.WindowsPath.parse(WindowsPath.java:94)
	at sun.nio.fs.WindowsFileSystem.getPath(WindowsFileSystem.java:255)
	at java.io.File.toPath(File.java:2271)
	at net.thucydides.core.requirements.RootDirectory.getRelativePathOf(RootDirectory.java:364)
	at net.thucydides.core.requirements.FileSystemRequirementsTagProvider.requirementWithMatchingPath(FileSystemRequirementsTagProvider.java:372)
	at net.thucydides.core.requirements.FileSystemRequirementsTagProvider.getParentRequirementOf(FileSystemRequirementsTagProvider.java:335)
	at net.thucydides.core.requirements.ParentRequirementsProvided.forOutcome(ParentRequirementsProvided.java:26)
	at net.thucydides.core.requirements.BaseRequirementsService.getParentRequirementOf(BaseRequirementsService.java:138)
	at net.thucydides.core.requirements.BaseRequirementsService.getParentRequirementFor(BaseRequirementsService.java:48)
	at net.thucydides.core.reports.html.HtmlAcceptanceTestReporter.addParentRequirmentFieldToContext(HtmlAcceptanceTestReporter.java:196)
	at net.thucydides.core.reports.html.HtmlAcceptanceTestReporter.addTestOutcomeToContext(HtmlAcceptanceTestReporter.java:190)
	at net.thucydides.core.reports.html.HtmlAcceptanceTestReporter.generateReportFor(HtmlAcceptanceTestReporter.java:105)
	at net.thucydides.core.reports.ReportService.generateReportFor(ReportService.java:246)
	at net.thucydides.core.reports.ReportService.lambda$generateReportsFor$0(ReportService.java:184)
	at java.util.concurrent.Executors$RunnableAdapter.call(Executors.java:511)
	at java.util.concurrent.FutureTask.run(FutureTask.java:266)
	at java.util.concurrent.ThreadPoolExecutor.runWorker(ThreadPoolExecutor.java:1149)
	at java.util.concurrent.ThreadPoolExecutor$Worker.run(ThreadPoolExecutor.java:624)
	at java.lang.Thread.run(Thread.java:750)

20:25:01.472 [pool-3-thread-3] WARN net.thucydides.core.requirements.RequirementsTagProvider - Failed to load requirements: Illegal char <:> at index 4: file:\D:\kampus%20merdeka\QE_Capstone%20Kanbo\capstone\api\src\test\resources\api\Register.feature
java.nio.file.InvalidPathException: Illegal char <:> at index 4: file:\D:\kampus%20merdeka\QE_Capstone%20Kanbo\capstone\api\src\test\resources\api\Register.feature
	at sun.nio.fs.WindowsPathParser.normalize(WindowsPathParser.java:182)
	at sun.nio.fs.WindowsPathParser.parse(WindowsPathParser.java:153)
	at sun.nio.fs.WindowsPathParser.parse(WindowsPathParser.java:77)
	at sun.nio.fs.WindowsPath.parse(WindowsPath.java:94)
	at sun.nio.fs.WindowsFileSystem.getPath(WindowsFileSystem.java:255)
	at java.io.File.toPath(File.java:2271)
	at net.thucydides.core.requirements.RootDirectory.getRelativePathOf(RootDirectory.java:364)
	at net.thucydides.core.requirements.FileSystemRequirementsTagProvider.requirementWithMatchingPath(FileSystemRequirementsTagProvider.java:372)
	at net.thucydides.core.requirements.FileSystemRequirementsTagProvider.getParentRequirementOf(FileSystemRequirementsTagProvider.java:335)
	at net.thucydides.core.requirements.ParentRequirementsProvided.forOutcome(ParentRequirementsProvided.java:26)
	at net.thucydides.core.requirements.BaseRequirementsService.getParentRequirementOf(BaseRequirementsService.java:138)
	at net.thucydides.core.requirements.BaseRequirementsService.getParentRequirementFor(BaseRequirementsService.java:48)
	at net.thucydides.core.reports.html.HtmlAcceptanceTestReporter.addParentRequirmentFieldToContext(HtmlAcceptanceTestReporter.java:196)
	at net.thucydides.core.reports.html.HtmlAcceptanceTestReporter.addTestOutcomeToContext(HtmlAcceptanceTestReporter.java:190)
	at net.thucydides.core.reports.html.HtmlAcceptanceTestReporter.generateReportFor(HtmlAcceptanceTestReporter.java:105)
	at net.thucydides.core.reports.ReportService.generateReportFor(ReportService.java:246)
	at net.thucydides.core.reports.ReportService.lambda$generateReportsFor$0(ReportService.java:184)
	at java.util.concurrent.Executors$RunnableAdapter.call(Executors.java:511)
	at java.util.concurrent.FutureTask.run(FutureTask.java:266)
	at java.util.concurrent.ThreadPoolExecutor.runWorker(ThreadPoolExecutor.java:1149)
	at java.util.concurrent.ThreadPoolExecutor$Worker.run(ThreadPoolExecutor.java:624)
	at java.lang.Thread.run(Thread.java:750)

20:25:01.472 [pool-3-thread-1] WARN net.thucydides.core.requirements.RequirementsTagProvider - Failed to load requirements: Illegal char <:> at index 4: file:\D:\kampus%20merdeka\QE_Capstone%20Kanbo\capstone\api\src\test\resources\api\Register.feature
java.nio.file.InvalidPathException: Illegal char <:> at index 4: file:\D:\kampus%20merdeka\QE_Capstone%20Kanbo\capstone\api\src\test\resources\api\Register.feature
	at sun.nio.fs.WindowsPathParser.normalize(WindowsPathParser.java:182)
	at sun.nio.fs.WindowsPathParser.parse(WindowsPathParser.java:153)
	at sun.nio.fs.WindowsPathParser.parse(WindowsPathParser.java:77)
	at sun.nio.fs.WindowsPath.parse(WindowsPath.java:94)
	at sun.nio.fs.WindowsFileSystem.getPath(WindowsFileSystem.java:255)
	at java.io.File.toPath(File.java:2271)
	at net.thucydides.core.requirements.RootDirectory.getRelativePathOf(RootDirectory.java:364)
	at net.thucydides.core.requirements.FileSystemRequirementsTagProvider.requirementWithMatchingPath(FileSystemRequirementsTagProvider.java:372)
	at net.thucydides.core.requirements.FileSystemRequirementsTagProvider.getParentRequirementOf(FileSystemRequirementsTagProvider.java:335)
	at net.thucydides.core.requirements.ParentRequirementsProvided.forOutcome(ParentRequirementsProvided.java:26)
	at net.thucydides.core.requirements.BaseRequirementsService.getParentRequirementOf(BaseRequirementsService.java:138)
	at net.thucydides.core.requirements.BaseRequirementsService.getParentRequirementFor(BaseRequirementsService.java:48)
	at net.thucydides.core.reports.html.HtmlAcceptanceTestReporter.addParentRequirmentFieldToContext(HtmlAcceptanceTestReporter.java:196)
	at net.thucydides.core.reports.html.HtmlAcceptanceTestReporter.addTestOutcomeToContext(HtmlAcceptanceTestReporter.java:190)
	at net.thucydides.core.reports.html.HtmlAcceptanceTestReporter.generateReportFor(HtmlAcceptanceTestReporter.java:105)
	at net.thucydides.core.reports.ReportService.generateReportFor(ReportService.java:246)
	at net.thucydides.core.reports.ReportService.lambda$generateReportsFor$0(ReportService.java:184)
	at java.util.concurrent.Executors$RunnableAdapter.call(Executors.java:511)
	at java.util.concurrent.FutureTask.run(FutureTask.java:266)
	at java.util.concurrent.ThreadPoolExecutor.runWorker(ThreadPoolExecutor.java:1149)
	at java.util.concurrent.ThreadPoolExecutor$Worker.run(ThreadPoolExecutor.java:624)
	at java.lang.Thread.run(Thread.java:750)

20:25:01.472 [pool-3-thread-2] WARN net.thucydides.core.requirements.RequirementsTagProvider - Failed to load requirements: Illegal char <:> at index 4: file:\D:\kampus%20merdeka\QE_Capstone%20Kanbo\capstone\api\src\test\resources\api\Register.feature
java.nio.file.InvalidPathException: Illegal char <:> at index 4: file:\D:\kampus%20merdeka\QE_Capstone%20Kanbo\capstone\api\src\test\resources\api\Register.feature
	at sun.nio.fs.WindowsPathParser.normalize(WindowsPathParser.java:182)
	at sun.nio.fs.WindowsPathParser.parse(WindowsPathParser.java:153)
	at sun.nio.fs.WindowsPathParser.parse(WindowsPathParser.java:77)
	at sun.nio.fs.WindowsPath.parse(WindowsPath.java:94)
	at sun.nio.fs.WindowsFileSystem.getPath(WindowsFileSystem.java:255)
	at java.io.File.toPath(File.java:2271)
	at net.thucydides.core.requirements.RootDirectory.getRelativePathOf(RootDirectory.java:364)
	at net.thucydides.core.requirements.FileSystemRequirementsTagProvider.requirementWithMatchingPath(FileSystemRequirementsTagProvider.java:372)
	at net.thucydides.core.requirements.FileSystemRequirementsTagProvider.getParentRequirementOf(FileSystemRequirementsTagProvider.java:335)
	at net.thucydides.core.requirements.ParentRequirementsProvided.forOutcome(ParentRequirementsProvided.java:26)
	at net.thucydides.core.requirements.BaseRequirementsService.getParentRequirementOf(BaseRequirementsService.java:138)
	at net.thucydides.core.requirements.BaseRequirementsService.getParentRequirementFor(BaseRequirementsService.java:48)
	at net.thucydides.core.reports.html.HtmlAcceptanceTestReporter.addParentRequirmentFieldToContext(HtmlAcceptanceTestReporter.java:196)
	at net.thucydides.core.reports.html.HtmlAcceptanceTestReporter.addTestOutcomeToContext(HtmlAcceptanceTestReporter.java:190)
	at net.thucydides.core.reports.html.HtmlAcceptanceTestReporter.generateReportFor(HtmlAcceptanceTestReporter.java:105)
	at net.thucydides.core.reports.ReportService.generateReportFor(ReportService.java:246)
	at net.thucydides.core.reports.ReportService.lambda$generateReportsFor$0(ReportService.java:184)
	at java.util.concurrent.Executors$RunnableAdapter.call(Executors.java:511)
	at java.util.concurrent.FutureTask.run(FutureTask.java:266)
	at java.util.concurrent.ThreadPoolExecutor.runWorker(ThreadPoolExecutor.java:1149)
	at java.util.concurrent.ThreadPoolExecutor$Worker.run(ThreadPoolExecutor.java:624)
	at java.lang.Thread.run(Thread.java:750)

20:25:01.476 [pool-3-thread-3] WARN net.thucydides.core.requirements.RequirementsTagProvider - Failed to load requirements: Illegal char <:> at index 4: file:\D:\kampus%20merdeka\QE_Capstone%20Kanbo\capstone\api\src\test\resources\api\Register.feature
java.nio.file.InvalidPathException: Illegal char <:> at index 4: file:\D:\kampus%20merdeka\QE_Capstone%20Kanbo\capstone\api\src\test\resources\api\Register.feature
	at sun.nio.fs.WindowsPathParser.normalize(WindowsPathParser.java:182)
	at sun.nio.fs.WindowsPathParser.parse(WindowsPathParser.java:153)
	at sun.nio.fs.WindowsPathParser.parse(WindowsPathParser.java:77)
	at sun.nio.fs.WindowsPath.parse(WindowsPath.java:94)
	at sun.nio.fs.WindowsFileSystem.getPath(WindowsFileSystem.java:255)
	at java.io.File.toPath(File.java:2271)
	at net.thucydides.core.requirements.RootDirectory.getRelativePathOf(RootDirectory.java:364)
	at net.thucydides.core.requirements.FileSystemRequirementsTagProvider.requirementWithMatchingPath(FileSystemRequirementsTagProvider.java:372)
	at net.thucydides.core.requirements.FileSystemRequirementsTagProvider.getParentRequirementOf(FileSystemRequirementsTagProvider.java:335)
	at net.thucydides.core.requirements.ParentRequirementsProvided.forOutcome(ParentRequirementsProvided.java:26)
	at net.thucydides.core.requirements.BaseRequirementsService.getParentRequirementOf(BaseRequirementsService.java:138)
	at net.thucydides.core.requirements.BaseRequirementsService.getAncestorRequirementsFor(BaseRequirementsService.java:78)
	at net.thucydides.core.reports.html.HtmlAcceptanceTestReporter.addBreadcrumbs(HtmlAcceptanceTestReporter.java:226)
	at net.thucydides.core.reports.html.HtmlAcceptanceTestReporter.addParentRequirmentFieldToContext(HtmlAcceptanceTestReporter.java:214)
	at net.thucydides.core.reports.html.HtmlAcceptanceTestReporter.addTestOutcomeToContext(HtmlAcceptanceTestReporter.java:190)
	at net.thucydides.core.reports.html.HtmlAcceptanceTestReporter.generateReportFor(HtmlAcceptanceTestReporter.java:105)
	at net.thucydides.core.reports.ReportService.generateReportFor(ReportService.java:246)
	at net.thucydides.core.reports.ReportService.lambda$generateReportsFor$0(ReportService.java:184)
	at java.util.concurrent.Executors$RunnableAdapter.call(Executors.java:511)
	at java.util.concurrent.FutureTask.run(FutureTask.java:266)
	at java.util.concurrent.ThreadPoolExecutor.runWorker(ThreadPoolExecutor.java:1149)
	at java.util.concurrent.ThreadPoolExecutor$Worker.run(ThreadPoolExecutor.java:624)
	at java.lang.Thread.run(Thread.java:750)

20:25:01.477 [pool-3-thread-1] WARN net.thucydides.core.requirements.RequirementsTagProvider - Failed to load requirements: Illegal char <:> at index 4: file:\D:\kampus%20merdeka\QE_Capstone%20Kanbo\capstone\api\src\test\resources\api\Register.feature
java.nio.file.InvalidPathException: Illegal char <:> at index 4: file:\D:\kampus%20merdeka\QE_Capstone%20Kanbo\capstone\api\src\test\resources\api\Register.feature
	at sun.nio.fs.WindowsPathParser.normalize(WindowsPathParser.java:182)
	at sun.nio.fs.WindowsPathParser.parse(WindowsPathParser.java:153)
	at sun.nio.fs.WindowsPathParser.parse(WindowsPathParser.java:77)
	at sun.nio.fs.WindowsPath.parse(WindowsPath.java:94)
	at sun.nio.fs.WindowsFileSystem.getPath(WindowsFileSystem.java:255)
	at java.io.File.toPath(File.java:2271)
	at net.thucydides.core.requirements.RootDirectory.getRelativePathOf(RootDirectory.java:364)
	at net.thucydides.core.requirements.FileSystemRequirementsTagProvider.requirementWithMatchingPath(FileSystemRequirementsTagProvider.java:372)
	at net.thucydides.core.requirements.FileSystemRequirementsTagProvider.getParentRequirementOf(FileSystemRequirementsTagProvider.java:335)
	at net.thucydides.core.requirements.ParentRequirementsProvided.forOutcome(ParentRequirementsProvided.java:26)
	at net.thucydides.core.requirements.BaseRequirementsService.getParentRequirementOf(BaseRequirementsService.java:138)
	at net.thucydides.core.requirements.BaseRequirementsService.getAncestorRequirementsFor(BaseRequirementsService.java:78)
	at net.thucydides.core.reports.html.HtmlAcceptanceTestReporter.addBreadcrumbs(HtmlAcceptanceTestReporter.java:226)
	at net.thucydides.core.reports.html.HtmlAcceptanceTestReporter.addParentRequirmentFieldToContext(HtmlAcceptanceTestReporter.java:214)
	at net.thucydides.core.reports.html.HtmlAcceptanceTestReporter.addTestOutcomeToContext(HtmlAcceptanceTestReporter.java:190)
	at net.thucydides.core.reports.html.HtmlAcceptanceTestReporter.generateReportFor(HtmlAcceptanceTestReporter.java:105)
	at net.thucydides.core.reports.ReportService.generateReportFor(ReportService.java:246)
	at net.thucydides.core.reports.ReportService.lambda$generateReportsFor$0(ReportService.java:184)
	at java.util.concurrent.Executors$RunnableAdapter.call(Executors.java:511)
	at java.util.concurrent.FutureTask.run(FutureTask.java:266)
	at java.util.concurrent.ThreadPoolExecutor.runWorker(ThreadPoolExecutor.java:1149)
	at java.util.concurrent.ThreadPoolExecutor$Worker.run(ThreadPoolExecutor.java:624)
	at java.lang.Thread.run(Thread.java:750)

20:25:01.478 [pool-3-thread-4] WARN net.thucydides.core.requirements.RequirementsTagProvider - Failed to load requirements: Illegal char <:> at index 4: file:\D:\kampus%20merdeka\QE_Capstone%20Kanbo\capstone\api\src\test\resources\api\Register.feature
java.nio.file.InvalidPathException: Illegal char <:> at index 4: file:\D:\kampus%20merdeka\QE_Capstone%20Kanbo\capstone\api\src\test\resources\api\Register.feature
	at sun.nio.fs.WindowsPathParser.normalize(WindowsPathParser.java:182)
	at sun.nio.fs.WindowsPathParser.parse(WindowsPathParser.java:153)
	at sun.nio.fs.WindowsPathParser.parse(WindowsPathParser.java:77)
	at sun.nio.fs.WindowsPath.parse(WindowsPath.java:94)
	at sun.nio.fs.WindowsFileSystem.getPath(WindowsFileSystem.java:255)
	at java.io.File.toPath(File.java:2271)
	at net.thucydides.core.requirements.RootDirectory.getRelativePathOf(RootDirectory.java:364)
	at net.thucydides.core.requirements.FileSystemRequirementsTagProvider.requirementWithMatchingPath(FileSystemRequirementsTagProvider.java:372)
	at net.thucydides.core.requirements.FileSystemRequirementsTagProvider.getParentRequirementOf(FileSystemRequirementsTagProvider.java:335)
	at net.thucydides.core.requirements.ParentRequirementsProvided.forOutcome(ParentRequirementsProvided.java:26)
	at net.thucydides.core.requirements.BaseRequirementsService.getParentRequirementOf(BaseRequirementsService.java:138)
	at net.thucydides.core.requirements.BaseRequirementsService.getAncestorRequirementsFor(BaseRequirementsService.java:78)
	at net.thucydides.core.reports.html.HtmlAcceptanceTestReporter.addBreadcrumbs(HtmlAcceptanceTestReporter.java:226)
	at net.thucydides.core.reports.html.HtmlAcceptanceTestReporter.addParentRequirmentFieldToContext(HtmlAcceptanceTestReporter.java:214)
	at net.thucydides.core.reports.html.HtmlAcceptanceTestReporter.addTestOutcomeToContext(HtmlAcceptanceTestReporter.java:190)
	at net.thucydides.core.reports.html.HtmlAcceptanceTestReporter.generateReportFor(HtmlAcceptanceTestReporter.java:105)
	at net.thucydides.core.reports.ReportService.generateReportFor(ReportService.java:246)
	at net.thucydides.core.reports.ReportService.lambda$generateReportsFor$0(ReportService.java:184)
	at java.util.concurrent.Executors$RunnableAdapter.call(Executors.java:511)
	at java.util.concurrent.FutureTask.run(FutureTask.java:266)
	at java.util.concurrent.ThreadPoolExecutor.runWorker(ThreadPoolExecutor.java:1149)
	at java.util.concurrent.ThreadPoolExecutor$Worker.run(ThreadPoolExecutor.java:624)
	at java.lang.Thread.run(Thread.java:750)

20:25:01.479 [pool-3-thread-2] WARN net.thucydides.core.requirements.RequirementsTagProvider - Failed to load requirements: Illegal char <:> at index 4: file:\D:\kampus%20merdeka\QE_Capstone%20Kanbo\capstone\api\src\test\resources\api\Register.feature
java.nio.file.InvalidPathException: Illegal char <:> at index 4: file:\D:\kampus%20merdeka\QE_Capstone%20Kanbo\capstone\api\src\test\resources\api\Register.feature
	at sun.nio.fs.WindowsPathParser.normalize(WindowsPathParser.java:182)
	at sun.nio.fs.WindowsPathParser.parse(WindowsPathParser.java:153)
	at sun.nio.fs.WindowsPathParser.parse(WindowsPathParser.java:77)
	at sun.nio.fs.WindowsPath.parse(WindowsPath.java:94)
	at sun.nio.fs.WindowsFileSystem.getPath(WindowsFileSystem.java:255)
	at java.io.File.toPath(File.java:2271)
	at net.thucydides.core.requirements.RootDirectory.getRelativePathOf(RootDirectory.java:364)
	at net.thucydides.core.requirements.FileSystemRequirementsTagProvider.requirementWithMatchingPath(FileSystemRequirementsTagProvider.java:372)
	at net.thucydides.core.requirements.FileSystemRequirementsTagProvider.getParentRequirementOf(FileSystemRequirementsTagProvider.java:335)
	at net.thucydides.core.requirements.ParentRequirementsProvided.forOutcome(ParentRequirementsProvided.java:26)
	at net.thucydides.core.requirements.BaseRequirementsService.getParentRequirementOf(BaseRequirementsService.java:138)
	at net.thucydides.core.requirements.BaseRequirementsService.getAncestorRequirementsFor(BaseRequirementsService.java:78)
	at net.thucydides.core.reports.html.HtmlAcceptanceTestReporter.addBreadcrumbs(HtmlAcceptanceTestReporter.java:226)
	at net.thucydides.core.reports.html.HtmlAcceptanceTestReporter.addParentRequirmentFieldToContext(HtmlAcceptanceTestReporter.java:214)
	at net.thucydides.core.reports.html.HtmlAcceptanceTestReporter.addTestOutcomeToContext(HtmlAcceptanceTestReporter.java:190)
	at net.thucydides.core.reports.html.HtmlAcceptanceTestReporter.generateReportFor(HtmlAcceptanceTestReporter.java:105)
	at net.thucydides.core.reports.ReportService.generateReportFor(ReportService.java:246)
	at net.thucydides.core.reports.ReportService.lambda$generateReportsFor$0(ReportService.java:184)
	at java.util.concurrent.Executors$RunnableAdapter.call(Executors.java:511)
	at java.util.concurrent.FutureTask.run(FutureTask.java:266)
	at java.util.concurrent.ThreadPoolExecutor.runWorker(ThreadPoolExecutor.java:1149)
	at java.util.concurrent.ThreadPoolExecutor$Worker.run(ThreadPoolExecutor.java:624)
	at java.lang.Thread.run(Thread.java:750)

20:25:01.482 [pool-3-thread-3] WARN net.thucydides.core.requirements.RequirementsTagProvider - Failed to load requirements: Illegal char <:> at index 4: file:\D:\kampus%20merdeka\QE_Capstone%20Kanbo\capstone\api\src\test\resources\api\Register.feature
java.nio.file.InvalidPathException: Illegal char <:> at index 4: file:\D:\kampus%20merdeka\QE_Capstone%20Kanbo\capstone\api\src\test\resources\api\Register.feature
	at sun.nio.fs.WindowsPathParser.normalize(WindowsPathParser.java:182)
	at sun.nio.fs.WindowsPathParser.parse(WindowsPathParser.java:153)
	at sun.nio.fs.WindowsPathParser.parse(WindowsPathParser.java:77)
	at sun.nio.fs.WindowsPath.parse(WindowsPath.java:94)
	at sun.nio.fs.WindowsFileSystem.getPath(WindowsFileSystem.java:255)
	at java.io.File.toPath(File.java:2271)
	at net.thucydides.core.requirements.RootDirectory.getRelativePathOf(RootDirectory.java:364)
	at net.thucydides.core.requirements.FileSystemRequirementsTagProvider.requirementWithMatchingPath(FileSystemRequirementsTagProvider.java:372)
	at net.thucydides.core.requirements.FileSystemRequirementsTagProvider.getParentRequirementOf(FileSystemRequirementsTagProvider.java:335)
	at net.thucydides.core.requirements.ParentRequirementsProvided.forOutcome(ParentRequirementsProvided.java:26)
	at net.thucydides.core.requirements.BaseRequirementsService.getParentRequirementOf(BaseRequirementsService.java:138)
	at net.thucydides.core.requirements.BaseRequirementsService.getAncestorRequirementsFor(BaseRequirementsService.java:78)
	at net.thucydides.core.tags.BreadcrumbTagFilter.getRequirementBreadcrumbsFrom(BreadcrumbTagFilter.java:51)
	at net.thucydides.core.reports.html.HtmlAcceptanceTestReporter.addBreadcrumbs(HtmlAcceptanceTestReporter.java:227)
	at net.thucydides.core.reports.html.HtmlAcceptanceTestReporter.addParentRequirmentFieldToContext(HtmlAcceptanceTestReporter.java:214)
	at net.thucydides.core.reports.html.HtmlAcceptanceTestReporter.addTestOutcomeToContext(HtmlAcceptanceTestReporter.java:190)
	at net.thucydides.core.reports.html.HtmlAcceptanceTestReporter.generateReportFor(HtmlAcceptanceTestReporter.java:105)
	at net.thucydides.core.reports.ReportService.generateReportFor(ReportService.java:246)
	at net.thucydides.core.reports.ReportService.lambda$generateReportsFor$0(ReportService.java:184)
	at java.util.concurrent.Executors$RunnableAdapter.call(Executors.java:511)
	at java.util.concurrent.FutureTask.run(FutureTask.java:266)
	at java.util.concurrent.ThreadPoolExecutor.runWorker(ThreadPoolExecutor.java:1149)
	at java.util.concurrent.ThreadPoolExecutor$Worker.run(ThreadPoolExecutor.java:624)
	at java.lang.Thread.run(Thread.java:750)

20:25:01.483 [pool-3-thread-1] WARN net.thucydides.core.requirements.RequirementsTagProvider - Failed to load requirements: Illegal char <:> at index 4: file:\D:\kampus%20merdeka\QE_Capstone%20Kanbo\capstone\api\src\test\resources\api\Register.feature
java.nio.file.InvalidPathException: Illegal char <:> at index 4: file:\D:\kampus%20merdeka\QE_Capstone%20Kanbo\capstone\api\src\test\resources\api\Register.feature
	at sun.nio.fs.WindowsPathParser.normalize(WindowsPathParser.java:182)
	at sun.nio.fs.WindowsPathParser.parse(WindowsPathParser.java:153)
	at sun.nio.fs.WindowsPathParser.parse(WindowsPathParser.java:77)
	at sun.nio.fs.WindowsPath.parse(WindowsPath.java:94)
	at sun.nio.fs.WindowsFileSystem.getPath(WindowsFileSystem.java:255)
	at java.io.File.toPath(File.java:2271)
	at net.thucydides.core.requirements.RootDirectory.getRelativePathOf(RootDirectory.java:364)
	at net.thucydides.core.requirements.FileSystemRequirementsTagProvider.requirementWithMatchingPath(FileSystemRequirementsTagProvider.java:372)
	at net.thucydides.core.requirements.FileSystemRequirementsTagProvider.getParentRequirementOf(FileSystemRequirementsTagProvider.java:335)
	at net.thucydides.core.requirements.ParentRequirementsProvided.forOutcome(ParentRequirementsProvided.java:26)
	at net.thucydides.core.requirements.BaseRequirementsService.getParentRequirementOf(BaseRequirementsService.java:138)
	at net.thucydides.core.requirements.BaseRequirementsService.getAncestorRequirementsFor(BaseRequirementsService.java:78)
	at net.thucydides.core.tags.BreadcrumbTagFilter.getRequirementBreadcrumbsFrom(BreadcrumbTagFilter.java:51)
	at net.thucydides.core.reports.html.HtmlAcceptanceTestReporter.addBreadcrumbs(HtmlAcceptanceTestReporter.java:227)
	at net.thucydides.core.reports.html.HtmlAcceptanceTestReporter.addParentRequirmentFieldToContext(HtmlAcceptanceTestReporter.java:214)
	at net.thucydides.core.reports.html.HtmlAcceptanceTestReporter.addTestOutcomeToContext(HtmlAcceptanceTestReporter.java:190)
	at net.thucydides.core.reports.html.HtmlAcceptanceTestReporter.generateReportFor(HtmlAcceptanceTestReporter.java:105)
	at net.thucydides.core.reports.ReportService.generateReportFor(ReportService.java:246)
	at net.thucydides.core.reports.ReportService.lambda$generateReportsFor$0(ReportService.java:184)
	at java.util.concurrent.Executors$RunnableAdapter.call(Executors.java:511)
	at java.util.concurrent.FutureTask.run(FutureTask.java:266)
	at java.util.concurrent.ThreadPoolExecutor.runWorker(ThreadPoolExecutor.java:1149)
	at java.util.concurrent.ThreadPoolExecutor$Worker.run(ThreadPoolExecutor.java:624)
	at java.lang.Thread.run(Thread.java:750)

20:25:01.482 [pool-3-thread-2] WARN net.thucydides.core.requirements.RequirementsTagProvider - Failed to load requirements: Illegal char <:> at index 4: file:\D:\kampus%20merdeka\QE_Capstone%20Kanbo\capstone\api\src\test\resources\api\Register.feature
java.nio.file.InvalidPathException: Illegal char <:> at index 4: file:\D:\kampus%20merdeka\QE_Capstone%20Kanbo\capstone\api\src\test\resources\api\Register.feature
	at sun.nio.fs.WindowsPathParser.normalize(WindowsPathParser.java:182)
	at sun.nio.fs.WindowsPathParser.parse(WindowsPathParser.java:153)
	at sun.nio.fs.WindowsPathParser.parse(WindowsPathParser.java:77)
	at sun.nio.fs.WindowsPath.parse(WindowsPath.java:94)
	at sun.nio.fs.WindowsFileSystem.getPath(WindowsFileSystem.java:255)
	at java.io.File.toPath(File.java:2271)
	at net.thucydides.core.requirements.RootDirectory.getRelativePathOf(RootDirectory.java:364)
	at net.thucydides.core.requirements.FileSystemRequirementsTagProvider.requirementWithMatchingPath(FileSystemRequirementsTagProvider.java:372)
	at net.thucydides.core.requirements.FileSystemRequirementsTagProvider.getParentRequirementOf(FileSystemRequirementsTagProvider.java:335)
	at net.thucydides.core.requirements.ParentRequirementsProvided.forOutcome(ParentRequirementsProvided.java:26)
	at net.thucydides.core.requirements.BaseRequirementsService.getParentRequirementOf(BaseRequirementsService.java:138)
	at net.thucydides.core.requirements.BaseRequirementsService.getAncestorRequirementsFor(BaseRequirementsService.java:78)
	at net.thucydides.core.tags.BreadcrumbTagFilter.getRequirementBreadcrumbsFrom(BreadcrumbTagFilter.java:51)
	at net.thucydides.core.reports.html.HtmlAcceptanceTestReporter.addBreadcrumbs(HtmlAcceptanceTestReporter.java:227)
	at net.thucydides.core.reports.html.HtmlAcceptanceTestReporter.addParentRequirmentFieldToContext(HtmlAcceptanceTestReporter.java:214)
	at net.thucydides.core.reports.html.HtmlAcceptanceTestReporter.addTestOutcomeToContext(HtmlAcceptanceTestReporter.java:190)
	at net.thucydides.core.reports.html.HtmlAcceptanceTestReporter.generateReportFor(HtmlAcceptanceTestReporter.java:105)
	at net.thucydides.core.reports.ReportService.generateReportFor(ReportService.java:246)
	at net.thucydides.core.reports.ReportService.lambda$generateReportsFor$0(ReportService.java:184)
	at java.util.concurrent.Executors$RunnableAdapter.call(Executors.java:511)
	at java.util.concurrent.FutureTask.run(FutureTask.java:266)
	at java.util.concurrent.ThreadPoolExecutor.runWorker(ThreadPoolExecutor.java:1149)
	at java.util.concurrent.ThreadPoolExecutor$Worker.run(ThreadPoolExecutor.java:624)
	at java.lang.Thread.run(Thread.java:750)

20:25:01.482 [pool-3-thread-4] WARN net.thucydides.core.requirements.RequirementsTagProvider - Failed to load requirements: Illegal char <:> at index 4: file:\D:\kampus%20merdeka\QE_Capstone%20Kanbo\capstone\api\src\test\resources\api\Register.feature
java.nio.file.InvalidPathException: Illegal char <:> at index 4: file:\D:\kampus%20merdeka\QE_Capstone%20Kanbo\capstone\api\src\test\resources\api\Register.feature
	at sun.nio.fs.WindowsPathParser.normalize(WindowsPathParser.java:182)
	at sun.nio.fs.WindowsPathParser.parse(WindowsPathParser.java:153)
	at sun.nio.fs.WindowsPathParser.parse(WindowsPathParser.java:77)
	at sun.nio.fs.WindowsPath.parse(WindowsPath.java:94)
	at sun.nio.fs.WindowsFileSystem.getPath(WindowsFileSystem.java:255)
	at java.io.File.toPath(File.java:2271)
	at net.thucydides.core.requirements.RootDirectory.getRelativePathOf(RootDirectory.java:364)
	at net.thucydides.core.requirements.FileSystemRequirementsTagProvider.requirementWithMatchingPath(FileSystemRequirementsTagProvider.java:372)
	at net.thucydides.core.requirements.FileSystemRequirementsTagProvider.getParentRequirementOf(FileSystemRequirementsTagProvider.java:335)
	at net.thucydides.core.requirements.ParentRequirementsProvided.forOutcome(ParentRequirementsProvided.java:26)
	at net.thucydides.core.requirements.BaseRequirementsService.getParentRequirementOf(BaseRequirementsService.java:138)
	at net.thucydides.core.requirements.BaseRequirementsService.getAncestorRequirementsFor(BaseRequirementsService.java:78)
	at net.thucydides.core.tags.BreadcrumbTagFilter.getRequirementBreadcrumbsFrom(BreadcrumbTagFilter.java:51)
	at net.thucydides.core.reports.html.HtmlAcceptanceTestReporter.addBreadcrumbs(HtmlAcceptanceTestReporter.java:227)
	at net.thucydides.core.reports.html.HtmlAcceptanceTestReporter.addParentRequirmentFieldToContext(HtmlAcceptanceTestReporter.java:214)
	at net.thucydides.core.reports.html.HtmlAcceptanceTestReporter.addTestOutcomeToContext(HtmlAcceptanceTestReporter.java:190)
	at net.thucydides.core.reports.html.HtmlAcceptanceTestReporter.generateReportFor(HtmlAcceptanceTestReporter.java:105)
	at net.thucydides.core.reports.ReportService.generateReportFor(ReportService.java:246)
	at net.thucydides.core.reports.ReportService.lambda$generateReportsFor$0(ReportService.java:184)
	at java.util.concurrent.Executors$RunnableAdapter.call(Executors.java:511)
	at java.util.concurrent.FutureTask.run(FutureTask.java:266)
	at java.util.concurrent.ThreadPoolExecutor.runWorker(ThreadPoolExecutor.java:1149)
	at java.util.concurrent.ThreadPoolExecutor$Worker.run(ThreadPoolExecutor.java:624)
	at java.lang.Thread.run(Thread.java:750)

20:25:03.550 [pool-3-thread-4] DEBUG serenity.reporting - Generating report in 3cdc0626e2248fdcb2dbfe7196e3810053efb8322e0290a5c3b83be2e1abc3a9.html

20:25:03.553 [pool-3-thread-2] DEBUG serenity.reporting - Generating report in 200412b6f21b369a4aac63e3283f41928ab822f862cd6b8c04a81209a244bb87.html

20:25:03.555 [pool-3-thread-3] DEBUG serenity.reporting - Generating report in e46997ee64104f03b09704280f2b03985ce5fb7ca4232d1e9375a42283de9ec2.html

20:25:03.556 [pool-3-thread-1] DEBUG serenity.reporting - Generating report in 85e2258da27bf95d4afefaa6067c367f99d92fdf1aa2e78e45a6c757558f094a.html

20:25:05.313 [pool-3-thread-3] DEBUG serenity.reporting - Generated report e46997ee64104f03b09704280f2b03985ce5fb7ca4232d1e9375a42283de9ec2.html in 1758 ms

20:25:05.313 [pool-3-thread-3] DEBUG net.thucydides.core.reports.ReportService - Processing test outcome As admin i want to create account So that i can login and see home page:POST - As a admin I failed to create account with empty email done

20:25:05.313 [pool-3-thread-3] DEBUG net.thucydides.core.reports.ReportService - Processing test outcome As admin i want to create account So that i can login and see home page:POST - As a admin I failed to create account with not use domain email

20:25:05.313 [pool-3-thread-3] INFO net.thucydides.core.reports.ReportService - net.thucydides.core.reports.html.HtmlAcceptanceTestReporter@7225bed2: Generating report for test outcome: As admin i want to create account So that i can login and see home page:POST - As a admin I failed to create account with not use domain email

20:25:05.317 [pool-3-thread-3] WARN net.thucydides.core.requirements.RequirementsTagProvider - Failed to load requirements: Illegal char <:> at index 4: file:\D:\kampus%20merdeka\QE_Capstone%20Kanbo\capstone\api\src\test\resources\api\Register.feature
java.nio.file.InvalidPathException: Illegal char <:> at index 4: file:\D:\kampus%20merdeka\QE_Capstone%20Kanbo\capstone\api\src\test\resources\api\Register.feature
	at sun.nio.fs.WindowsPathParser.normalize(WindowsPathParser.java:182)
	at sun.nio.fs.WindowsPathParser.parse(WindowsPathParser.java:153)
	at sun.nio.fs.WindowsPathParser.parse(WindowsPathParser.java:77)
	at sun.nio.fs.WindowsPath.parse(WindowsPath.java:94)
	at sun.nio.fs.WindowsFileSystem.getPath(WindowsFileSystem.java:255)
	at java.io.File.toPath(File.java:2271)
	at net.thucydides.core.requirements.RootDirectory.getRelativePathOf(RootDirectory.java:364)
	at net.thucydides.core.requirements.FileSystemRequirementsTagProvider.requirementWithMatchingPath(FileSystemRequirementsTagProvider.java:372)
	at net.thucydides.core.requirements.FileSystemRequirementsTagProvider.getParentRequirementOf(FileSystemRequirementsTagProvider.java:335)
	at net.thucydides.core.requirements.ParentRequirementsProvided.forOutcome(ParentRequirementsProvided.java:26)
	at net.thucydides.core.requirements.BaseRequirementsService.getParentRequirementOf(BaseRequirementsService.java:138)
	at net.thucydides.core.requirements.BaseRequirementsService.getParentRequirementFor(BaseRequirementsService.java:48)
	at net.thucydides.core.reports.html.HtmlAcceptanceTestReporter.addParentRequirmentFieldToContext(HtmlAcceptanceTestReporter.java:196)
	at net.thucydides.core.reports.html.HtmlAcceptanceTestReporter.addTestOutcomeToContext(HtmlAcceptanceTestReporter.java:190)
	at net.thucydides.core.reports.html.HtmlAcceptanceTestReporter.generateReportFor(HtmlAcceptanceTestReporter.java:105)
	at net.thucydides.core.reports.ReportService.generateReportFor(ReportService.java:246)
	at net.thucydides.core.reports.ReportService.lambda$generateReportsFor$0(ReportService.java:184)
	at java.util.concurrent.Executors$RunnableAdapter.call(Executors.java:511)
	at java.util.concurrent.FutureTask.run(FutureTask.java:266)
	at java.util.concurrent.ThreadPoolExecutor.runWorker(ThreadPoolExecutor.java:1149)
	at java.util.concurrent.ThreadPoolExecutor$Worker.run(ThreadPoolExecutor.java:624)
	at java.lang.Thread.run(Thread.java:750)

20:25:05.333 [pool-3-thread-2] DEBUG serenity.reporting - Generated report 200412b6f21b369a4aac63e3283f41928ab822f862cd6b8c04a81209a244bb87.html in 1780 ms

20:25:05.334 [pool-3-thread-2] DEBUG net.thucydides.core.reports.ReportService - Processing test outcome As admin i want to create account So that i can login and see home page:POST - As a admin I failed to create account with empty data done

20:25:05.334 [pool-3-thread-2] DEBUG net.thucydides.core.reports.ReportService - Processing test outcome As admin i want to create account So that i can login and see home page:POST - As a admin I failed to create account with empty username

20:25:05.334 [pool-3-thread-2] INFO net.thucydides.core.reports.ReportService - net.thucydides.core.reports.html.HtmlAcceptanceTestReporter@7225bed2: Generating report for test outcome: As admin i want to create account So that i can login and see home page:POST - As a admin I failed to create account with empty username

20:25:05.335 [pool-3-thread-2] WARN net.thucydides.core.requirements.RequirementsTagProvider - Failed to load requirements: Illegal char <:> at index 4: file:\D:\kampus%20merdeka\QE_Capstone%20Kanbo\capstone\api\src\test\resources\api\Register.feature
java.nio.file.InvalidPathException: Illegal char <:> at index 4: file:\D:\kampus%20merdeka\QE_Capstone%20Kanbo\capstone\api\src\test\resources\api\Register.feature
	at sun.nio.fs.WindowsPathParser.normalize(WindowsPathParser.java:182)
	at sun.nio.fs.WindowsPathParser.parse(WindowsPathParser.java:153)
	at sun.nio.fs.WindowsPathParser.parse(WindowsPathParser.java:77)
	at sun.nio.fs.WindowsPath.parse(WindowsPath.java:94)
	at sun.nio.fs.WindowsFileSystem.getPath(WindowsFileSystem.java:255)
	at java.io.File.toPath(File.java:2271)
	at net.thucydides.core.requirements.RootDirectory.getRelativePathOf(RootDirectory.java:364)
	at net.thucydides.core.requirements.FileSystemRequirementsTagProvider.requirementWithMatchingPath(FileSystemRequirementsTagProvider.java:372)
	at net.thucydides.core.requirements.FileSystemRequirementsTagProvider.getParentRequirementOf(FileSystemRequirementsTagProvider.java:335)
	at net.thucydides.core.requirements.ParentRequirementsProvided.forOutcome(ParentRequirementsProvided.java:26)
	at net.thucydides.core.requirements.BaseRequirementsService.getParentRequirementOf(BaseRequirementsService.java:138)
	at net.thucydides.core.requirements.BaseRequirementsService.getParentRequirementFor(BaseRequirementsService.java:48)
	at net.thucydides.core.reports.html.HtmlAcceptanceTestReporter.addParentRequirmentFieldToContext(HtmlAcceptanceTestReporter.java:196)
	at net.thucydides.core.reports.html.HtmlAcceptanceTestReporter.addTestOutcomeToContext(HtmlAcceptanceTestReporter.java:190)
	at net.thucydides.core.reports.html.HtmlAcceptanceTestReporter.generateReportFor(HtmlAcceptanceTestReporter.java:105)
	at net.thucydides.core.reports.ReportService.generateReportFor(ReportService.java:246)
	at net.thucydides.core.reports.ReportService.lambda$generateReportsFor$0(ReportService.java:184)
	at java.util.concurrent.Executors$RunnableAdapter.call(Executors.java:511)
	at java.util.concurrent.FutureTask.run(FutureTask.java:266)
	at java.util.concurrent.ThreadPoolExecutor.runWorker(ThreadPoolExecutor.java:1149)
	at java.util.concurrent.ThreadPoolExecutor$Worker.run(ThreadPoolExecutor.java:624)
	at java.lang.Thread.run(Thread.java:750)

20:25:05.336 [pool-3-thread-2] WARN net.thucydides.core.requirements.RequirementsTagProvider - Failed to load requirements: Illegal char <:> at index 4: file:\D:\kampus%20merdeka\QE_Capstone%20Kanbo\capstone\api\src\test\resources\api\Register.feature
java.nio.file.InvalidPathException: Illegal char <:> at index 4: file:\D:\kampus%20merdeka\QE_Capstone%20Kanbo\capstone\api\src\test\resources\api\Register.feature
	at sun.nio.fs.WindowsPathParser.normalize(WindowsPathParser.java:182)
	at sun.nio.fs.WindowsPathParser.parse(WindowsPathParser.java:153)
	at sun.nio.fs.WindowsPathParser.parse(WindowsPathParser.java:77)
	at sun.nio.fs.WindowsPath.parse(WindowsPath.java:94)
	at sun.nio.fs.WindowsFileSystem.getPath(WindowsFileSystem.java:255)
	at java.io.File.toPath(File.java:2271)
	at net.thucydides.core.requirements.RootDirectory.getRelativePathOf(RootDirectory.java:364)
	at net.thucydides.core.requirements.FileSystemRequirementsTagProvider.requirementWithMatchingPath(FileSystemRequirementsTagProvider.java:372)
	at net.thucydides.core.requirements.FileSystemRequirementsTagProvider.getParentRequirementOf(FileSystemRequirementsTagProvider.java:335)
	at net.thucydides.core.requirements.ParentRequirementsProvided.forOutcome(ParentRequirementsProvided.java:26)
	at net.thucydides.core.requirements.BaseRequirementsService.getParentRequirementOf(BaseRequirementsService.java:138)
	at net.thucydides.core.requirements.BaseRequirementsService.getAncestorRequirementsFor(BaseRequirementsService.java:78)
	at net.thucydides.core.reports.html.HtmlAcceptanceTestReporter.addBreadcrumbs(HtmlAcceptanceTestReporter.java:226)
	at net.thucydides.core.reports.html.HtmlAcceptanceTestReporter.addParentRequirmentFieldToContext(HtmlAcceptanceTestReporter.java:214)
	at net.thucydides.core.reports.html.HtmlAcceptanceTestReporter.addTestOutcomeToContext(HtmlAcceptanceTestReporter.java:190)
	at net.thucydides.core.reports.html.HtmlAcceptanceTestReporter.generateReportFor(HtmlAcceptanceTestReporter.java:105)
	at net.thucydides.core.reports.ReportService.generateReportFor(ReportService.java:246)
	at net.thucydides.core.reports.ReportService.lambda$generateReportsFor$0(ReportService.java:184)
	at java.util.concurrent.Executors$RunnableAdapter.call(Executors.java:511)
	at java.util.concurrent.FutureTask.run(FutureTask.java:266)
	at java.util.concurrent.ThreadPoolExecutor.runWorker(ThreadPoolExecutor.java:1149)
	at java.util.concurrent.ThreadPoolExecutor$Worker.run(ThreadPoolExecutor.java:624)
	at java.lang.Thread.run(Thread.java:750)

20:25:05.337 [pool-3-thread-2] WARN net.thucydides.core.requirements.RequirementsTagProvider - Failed to load requirements: Illegal char <:> at index 4: file:\D:\kampus%20merdeka\QE_Capstone%20Kanbo\capstone\api\src\test\resources\api\Register.feature
java.nio.file.InvalidPathException: Illegal char <:> at index 4: file:\D:\kampus%20merdeka\QE_Capstone%20Kanbo\capstone\api\src\test\resources\api\Register.feature
	at sun.nio.fs.WindowsPathParser.normalize(WindowsPathParser.java:182)
	at sun.nio.fs.WindowsPathParser.parse(WindowsPathParser.java:153)
	at sun.nio.fs.WindowsPathParser.parse(WindowsPathParser.java:77)
	at sun.nio.fs.WindowsPath.parse(WindowsPath.java:94)
	at sun.nio.fs.WindowsFileSystem.getPath(WindowsFileSystem.java:255)
	at java.io.File.toPath(File.java:2271)
	at net.thucydides.core.requirements.RootDirectory.getRelativePathOf(RootDirectory.java:364)
	at net.thucydides.core.requirements.FileSystemRequirementsTagProvider.requirementWithMatchingPath(FileSystemRequirementsTagProvider.java:372)
	at net.thucydides.core.requirements.FileSystemRequirementsTagProvider.getParentRequirementOf(FileSystemRequirementsTagProvider.java:335)
	at net.thucydides.core.requirements.ParentRequirementsProvided.forOutcome(ParentRequirementsProvided.java:26)
	at net.thucydides.core.requirements.BaseRequirementsService.getParentRequirementOf(BaseRequirementsService.java:138)
	at net.thucydides.core.requirements.BaseRequirementsService.getAncestorRequirementsFor(BaseRequirementsService.java:78)
	at net.thucydides.core.tags.BreadcrumbTagFilter.getRequirementBreadcrumbsFrom(BreadcrumbTagFilter.java:51)
	at net.thucydides.core.reports.html.HtmlAcceptanceTestReporter.addBreadcrumbs(HtmlAcceptanceTestReporter.java:227)
	at net.thucydides.core.reports.html.HtmlAcceptanceTestReporter.addParentRequirmentFieldToContext(HtmlAcceptanceTestReporter.java:214)
	at net.thucydides.core.reports.html.HtmlAcceptanceTestReporter.addTestOutcomeToContext(HtmlAcceptanceTestReporter.java:190)
	at net.thucydides.core.reports.html.HtmlAcceptanceTestReporter.generateReportFor(HtmlAcceptanceTestReporter.java:105)
	at net.thucydides.core.reports.ReportService.generateReportFor(ReportService.java:246)
	at net.thucydides.core.reports.ReportService.lambda$generateReportsFor$0(ReportService.java:184)
	at java.util.concurrent.Executors$RunnableAdapter.call(Executors.java:511)
	at java.util.concurrent.FutureTask.run(FutureTask.java:266)
	at java.util.concurrent.ThreadPoolExecutor.runWorker(ThreadPoolExecutor.java:1149)
	at java.util.concurrent.ThreadPoolExecutor$Worker.run(ThreadPoolExecutor.java:624)
	at java.lang.Thread.run(Thread.java:750)

20:25:05.340 [pool-3-thread-2] DEBUG serenity.reporting - Generating report in c54821ea9f6ad074cd998626c77f7149de4b0401dddb829f98c18cde864f457c.html

20:25:05.360 [pool-3-thread-1] DEBUG serenity.reporting - Generated report 85e2258da27bf95d4afefaa6067c367f99d92fdf1aa2e78e45a6c757558f094a.html in 1804 ms

20:25:05.360 [pool-3-thread-1] DEBUG net.thucydides.core.reports.ReportService - Processing test outcome As admin i want to create account So that i can login and see home page:POST - As a admin I success to create account with valid data done

20:25:05.360 [pool-3-thread-1] DEBUG net.thucydides.core.reports.ReportService - Processing test outcome As admin i want to create account So that i can login and see home page:POST - As a admin I failed to create account with fill number on username field

20:25:05.360 [pool-3-thread-1] INFO net.thucydides.core.reports.ReportService - net.thucydides.core.reports.html.HtmlAcceptanceTestReporter@7225bed2: Generating report for test outcome: As admin i want to create account So that i can login and see home page:POST - As a admin I failed to create account with fill number on username field

20:25:05.361 [pool-3-thread-1] WARN net.thucydides.core.requirements.RequirementsTagProvider - Failed to load requirements: Illegal char <:> at index 4: file:\D:\kampus%20merdeka\QE_Capstone%20Kanbo\capstone\api\src\test\resources\api\Register.feature
java.nio.file.InvalidPathException: Illegal char <:> at index 4: file:\D:\kampus%20merdeka\QE_Capstone%20Kanbo\capstone\api\src\test\resources\api\Register.feature
	at sun.nio.fs.WindowsPathParser.normalize(WindowsPathParser.java:182)
	at sun.nio.fs.WindowsPathParser.parse(WindowsPathParser.java:153)
	at sun.nio.fs.WindowsPathParser.parse(WindowsPathParser.java:77)
	at sun.nio.fs.WindowsPath.parse(WindowsPath.java:94)
	at sun.nio.fs.WindowsFileSystem.getPath(WindowsFileSystem.java:255)
	at java.io.File.toPath(File.java:2271)
	at net.thucydides.core.requirements.RootDirectory.getRelativePathOf(RootDirectory.java:364)
	at net.thucydides.core.requirements.FileSystemRequirementsTagProvider.requirementWithMatchingPath(FileSystemRequirementsTagProvider.java:372)
	at net.thucydides.core.requirements.FileSystemRequirementsTagProvider.getParentRequirementOf(FileSystemRequirementsTagProvider.java:335)
	at net.thucydides.core.requirements.ParentRequirementsProvided.forOutcome(ParentRequirementsProvided.java:26)
	at net.thucydides.core.requirements.BaseRequirementsService.getParentRequirementOf(BaseRequirementsService.java:138)
	at net.thucydides.core.requirements.BaseRequirementsService.getParentRequirementFor(BaseRequirementsService.java:48)
	at net.thucydides.core.reports.html.HtmlAcceptanceTestReporter.addParentRequirmentFieldToContext(HtmlAcceptanceTestReporter.java:196)
	at net.thucydides.core.reports.html.HtmlAcceptanceTestReporter.addTestOutcomeToContext(HtmlAcceptanceTestReporter.java:190)
	at net.thucydides.core.reports.html.HtmlAcceptanceTestReporter.generateReportFor(HtmlAcceptanceTestReporter.java:105)
	at net.thucydides.core.reports.ReportService.generateReportFor(ReportService.java:246)
	at net.thucydides.core.reports.ReportService.lambda$generateReportsFor$0(ReportService.java:184)
	at java.util.concurrent.Executors$RunnableAdapter.call(Executors.java:511)
	at java.util.concurrent.FutureTask.run(FutureTask.java:266)
	at java.util.concurrent.ThreadPoolExecutor.runWorker(ThreadPoolExecutor.java:1149)
	at java.util.concurrent.ThreadPoolExecutor$Worker.run(ThreadPoolExecutor.java:624)
	at java.lang.Thread.run(Thread.java:750)

20:25:05.364 [pool-3-thread-1] WARN net.thucydides.core.requirements.RequirementsTagProvider - Failed to load requirements: Illegal char <:> at index 4: file:\D:\kampus%20merdeka\QE_Capstone%20Kanbo\capstone\api\src\test\resources\api\Register.feature
java.nio.file.InvalidPathException: Illegal char <:> at index 4: file:\D:\kampus%20merdeka\QE_Capstone%20Kanbo\capstone\api\src\test\resources\api\Register.feature
	at sun.nio.fs.WindowsPathParser.normalize(WindowsPathParser.java:182)
	at sun.nio.fs.WindowsPathParser.parse(WindowsPathParser.java:153)
	at sun.nio.fs.WindowsPathParser.parse(WindowsPathParser.java:77)
	at sun.nio.fs.WindowsPath.parse(WindowsPath.java:94)
	at sun.nio.fs.WindowsFileSystem.getPath(WindowsFileSystem.java:255)
	at java.io.File.toPath(File.java:2271)
	at net.thucydides.core.requirements.RootDirectory.getRelativePathOf(RootDirectory.java:364)
	at net.thucydides.core.requirements.FileSystemRequirementsTagProvider.requirementWithMatchingPath(FileSystemRequirementsTagProvider.java:372)
	at net.thucydides.core.requirements.FileSystemRequirementsTagProvider.getParentRequirementOf(FileSystemRequirementsTagProvider.java:335)
	at net.thucydides.core.requirements.ParentRequirementsProvided.forOutcome(ParentRequirementsProvided.java:26)
	at net.thucydides.core.requirements.BaseRequirementsService.getParentRequirementOf(BaseRequirementsService.java:138)
	at net.thucydides.core.requirements.BaseRequirementsService.getAncestorRequirementsFor(BaseRequirementsService.java:78)
	at net.thucydides.core.reports.html.HtmlAcceptanceTestReporter.addBreadcrumbs(HtmlAcceptanceTestReporter.java:226)
	at net.thucydides.core.reports.html.HtmlAcceptanceTestReporter.addParentRequirmentFieldToContext(HtmlAcceptanceTestReporter.java:214)
	at net.thucydides.core.reports.html.HtmlAcceptanceTestReporter.addTestOutcomeToContext(HtmlAcceptanceTestReporter.java:190)
	at net.thucydides.core.reports.html.HtmlAcceptanceTestReporter.generateReportFor(HtmlAcceptanceTestReporter.java:105)
	at net.thucydides.core.reports.ReportService.generateReportFor(ReportService.java:246)
	at net.thucydides.core.reports.ReportService.lambda$generateReportsFor$0(ReportService.java:184)
	at java.util.concurrent.Executors$RunnableAdapter.call(Executors.java:511)
	at java.util.concurrent.FutureTask.run(FutureTask.java:266)
	at java.util.concurrent.ThreadPoolExecutor.runWorker(ThreadPoolExecutor.java:1149)
	at java.util.concurrent.ThreadPoolExecutor$Worker.run(ThreadPoolExecutor.java:624)
	at java.lang.Thread.run(Thread.java:750)

20:25:05.365 [pool-3-thread-1] WARN net.thucydides.core.requirements.RequirementsTagProvider - Failed to load requirements: Illegal char <:> at index 4: file:\D:\kampus%20merdeka\QE_Capstone%20Kanbo\capstone\api\src\test\resources\api\Register.feature
java.nio.file.InvalidPathException: Illegal char <:> at index 4: file:\D:\kampus%20merdeka\QE_Capstone%20Kanbo\capstone\api\src\test\resources\api\Register.feature
	at sun.nio.fs.WindowsPathParser.normalize(WindowsPathParser.java:182)
	at sun.nio.fs.WindowsPathParser.parse(WindowsPathParser.java:153)
	at sun.nio.fs.WindowsPathParser.parse(WindowsPathParser.java:77)
	at sun.nio.fs.WindowsPath.parse(WindowsPath.java:94)
	at sun.nio.fs.WindowsFileSystem.getPath(WindowsFileSystem.java:255)
	at java.io.File.toPath(File.java:2271)
	at net.thucydides.core.requirements.RootDirectory.getRelativePathOf(RootDirectory.java:364)
	at net.thucydides.core.requirements.FileSystemRequirementsTagProvider.requirementWithMatchingPath(FileSystemRequirementsTagProvider.java:372)
	at net.thucydides.core.requirements.FileSystemRequirementsTagProvider.getParentRequirementOf(FileSystemRequirementsTagProvider.java:335)
	at net.thucydides.core.requirements.ParentRequirementsProvided.forOutcome(ParentRequirementsProvided.java:26)
	at net.thucydides.core.requirements.BaseRequirementsService.getParentRequirementOf(BaseRequirementsService.java:138)
	at net.thucydides.core.requirements.BaseRequirementsService.getAncestorRequirementsFor(BaseRequirementsService.java:78)
	at net.thucydides.core.tags.BreadcrumbTagFilter.getRequirementBreadcrumbsFrom(BreadcrumbTagFilter.java:51)
	at net.thucydides.core.reports.html.HtmlAcceptanceTestReporter.addBreadcrumbs(HtmlAcceptanceTestReporter.java:227)
	at net.thucydides.core.reports.html.HtmlAcceptanceTestReporter.addParentRequirmentFieldToContext(HtmlAcceptanceTestReporter.java:214)
	at net.thucydides.core.reports.html.HtmlAcceptanceTestReporter.addTestOutcomeToContext(HtmlAcceptanceTestReporter.java:190)
	at net.thucydides.core.reports.html.HtmlAcceptanceTestReporter.generateReportFor(HtmlAcceptanceTestReporter.java:105)
	at net.thucydides.core.reports.ReportService.generateReportFor(ReportService.java:246)
	at net.thucydides.core.reports.ReportService.lambda$generateReportsFor$0(ReportService.java:184)
	at java.util.concurrent.Executors$RunnableAdapter.call(Executors.java:511)
	at java.util.concurrent.FutureTask.run(FutureTask.java:266)
	at java.util.concurrent.ThreadPoolExecutor.runWorker(ThreadPoolExecutor.java:1149)
	at java.util.concurrent.ThreadPoolExecutor$Worker.run(ThreadPoolExecutor.java:624)
	at java.lang.Thread.run(Thread.java:750)

20:25:05.368 [pool-3-thread-1] DEBUG serenity.reporting - Generating report in 64e9a8a8ad52069178243b002a296323bfc1275fae12f5ca1afc09e0e41fb330.html

20:25:05.373 [pool-3-thread-3] WARN net.thucydides.core.requirements.RequirementsTagProvider - Failed to load requirements: Illegal char <:> at index 4: file:\D:\kampus%20merdeka\QE_Capstone%20Kanbo\capstone\api\src\test\resources\api\Register.feature
java.nio.file.InvalidPathException: Illegal char <:> at index 4: file:\D:\kampus%20merdeka\QE_Capstone%20Kanbo\capstone\api\src\test\resources\api\Register.feature
	at sun.nio.fs.WindowsPathParser.normalize(WindowsPathParser.java:182)
	at sun.nio.fs.WindowsPathParser.parse(WindowsPathParser.java:153)
	at sun.nio.fs.WindowsPathParser.parse(WindowsPathParser.java:77)
	at sun.nio.fs.WindowsPath.parse(WindowsPath.java:94)
	at sun.nio.fs.WindowsFileSystem.getPath(WindowsFileSystem.java:255)
	at java.io.File.toPath(File.java:2271)
	at net.thucydides.core.requirements.RootDirectory.getRelativePathOf(RootDirectory.java:364)
	at net.thucydides.core.requirements.FileSystemRequirementsTagProvider.requirementWithMatchingPath(FileSystemRequirementsTagProvider.java:372)
	at net.thucydides.core.requirements.FileSystemRequirementsTagProvider.getParentRequirementOf(FileSystemRequirementsTagProvider.java:335)
	at net.thucydides.core.requirements.ParentRequirementsProvided.forOutcome(ParentRequirementsProvided.java:26)
	at net.thucydides.core.requirements.BaseRequirementsService.getParentRequirementOf(BaseRequirementsService.java:138)
	at net.thucydides.core.requirements.BaseRequirementsService.getAncestorRequirementsFor(BaseRequirementsService.java:78)
	at net.thucydides.core.reports.html.HtmlAcceptanceTestReporter.addBreadcrumbs(HtmlAcceptanceTestReporter.java:226)
	at net.thucydides.core.reports.html.HtmlAcceptanceTestReporter.addParentRequirmentFieldToContext(HtmlAcceptanceTestReporter.java:214)
	at net.thucydides.core.reports.html.HtmlAcceptanceTestReporter.addTestOutcomeToContext(HtmlAcceptanceTestReporter.java:190)
	at net.thucydides.core.reports.html.HtmlAcceptanceTestReporter.generateReportFor(HtmlAcceptanceTestReporter.java:105)
	at net.thucydides.core.reports.ReportService.generateReportFor(ReportService.java:246)
	at net.thucydides.core.reports.ReportService.lambda$generateReportsFor$0(ReportService.java:184)
	at java.util.concurrent.Executors$RunnableAdapter.call(Executors.java:511)
	at java.util.concurrent.FutureTask.run(FutureTask.java:266)
	at java.util.concurrent.ThreadPoolExecutor.runWorker(ThreadPoolExecutor.java:1149)
	at java.util.concurrent.ThreadPoolExecutor$Worker.run(ThreadPoolExecutor.java:624)
	at java.lang.Thread.run(Thread.java:750)

20:25:05.374 [pool-3-thread-3] WARN net.thucydides.core.requirements.RequirementsTagProvider - Failed to load requirements: Illegal char <:> at index 4: file:\D:\kampus%20merdeka\QE_Capstone%20Kanbo\capstone\api\src\test\resources\api\Register.feature
java.nio.file.InvalidPathException: Illegal char <:> at index 4: file:\D:\kampus%20merdeka\QE_Capstone%20Kanbo\capstone\api\src\test\resources\api\Register.feature
	at sun.nio.fs.WindowsPathParser.normalize(WindowsPathParser.java:182)
	at sun.nio.fs.WindowsPathParser.parse(WindowsPathParser.java:153)
	at sun.nio.fs.WindowsPathParser.parse(WindowsPathParser.java:77)
	at sun.nio.fs.WindowsPath.parse(WindowsPath.java:94)
	at sun.nio.fs.WindowsFileSystem.getPath(WindowsFileSystem.java:255)
	at java.io.File.toPath(File.java:2271)
	at net.thucydides.core.requirements.RootDirectory.getRelativePathOf(RootDirectory.java:364)
	at net.thucydides.core.requirements.FileSystemRequirementsTagProvider.requirementWithMatchingPath(FileSystemRequirementsTagProvider.java:372)
	at net.thucydides.core.requirements.FileSystemRequirementsTagProvider.getParentRequirementOf(FileSystemRequirementsTagProvider.java:335)
	at net.thucydides.core.requirements.ParentRequirementsProvided.forOutcome(ParentRequirementsProvided.java:26)
[...]
20:24:56.006 [pool-2-thread-1] DEBUG net.thucydides.core.steps.StepInterceptor - STEP DONE: admin get respone code 400
  &amp#27;[32mThen &amp#27;[0m&amp#27;[32madmin see status code &amp#27;[0m&amp#27;[32m&amp#27;[1m400&amp#27;[0m&amp#27;[32m and fail to create account&amp#27;[0m                &amp#27;[90m# starter.stepdefenitions.RegistStep.adminSeeStatusCodeAndFailToCreateAccount(int)&amp#27;[0m
20:24:56.014 [pool-2-thread-1] DEBUG net.thucydides.core.steps.StepInterceptor - STARTING STEP: RegistStep.adminGetErrorMessageAfterRegist - admin get error message
20:24:56.126 [pool-2-thread-1] DEBUG net.thucydides.core.steps.StepInterceptor - STEP DONE: admin get error message
  &amp#27;[32mAnd &amp#27;[0m&amp#27;[32madmin get error message after regist&amp#27;[0m                                 &amp#27;[90m# starter.stepdefenitions.RegistStep.adminGetErrorMessageAfterRegist()&amp#27;[0m
20:24:56.133 [pool-2-thread-1] INFO  - 
  _____   ___   ___   _____     ___     _     ___   ___   ___   ___  
 |_   _| | __| / __| |_   _|   | _ \   /_\   / __| / __| | __| |   \ 
   | |   | _|  \__ \   | |     |  _/  / _ \  \__ \ \__ \ | _|  | |) |
   |_|   |___| |___/   |_|     |_|   /_/ \_\ |___/ |___/ |___| |___/ 

POST - As a admin I failed to create account with empty password
----------------------------------------------------------------------
]]></system-out>
  </testcase>
  <testcase name="POST - As a admin I failed to create account with invalid password" classname="As admin i want to create account So that i can login and see home page" time="1.025">
    <system-out><![CDATA[
@register @register-negative
Scenario: POST - As a admin I failed to create account with invalid password &amp#27;[90m# src/test/resources/api/Register.feature:68&amp#27;[0m
20:24:56.178 [pool-2-thread-1] INFO io.cucumber.core.plugin.SerenityReporter - Running feature from file:///D:/kampus%20merdeka/QE_Capstone%20Kanbo/capstone/api/src/test/resources/api/Register.feature
20:24:56.178 [pool-2-thread-1] WARN io.cucumber.core.plugin.SerenityReporter - Feature from file:///D:/kampus%20merdeka/QE_Capstone%20Kanbo/capstone/api/src/test/resources/api/Register.feature is not under the 'features' directory. Requirements report will not be correctly generated!
20:24:56.184 [pool-2-thread-1] INFO  - 
  _____   ___   ___   _____     ___   _____     _     ___   _____   ___   ___  
 |_   _| | __| / __| |_   _|   / __| |_   _|   /_\   | _ \ |_   _| | __| |   \ 
   | |   | _|  \__ \   | |     \__ \   | |    / _ \  |   /   | |   | _|  | |) |
   |_|   |___| |___/   |_|     |___/   |_|   /_/ \_\ |_|_\   |_|   |___| |___/ 

POST - As a admin I failed to create account with invalid password(as-admin-i-want-to-create-account-so-that-i-can-login-and-see-home-page;post---as-a-admin-i-failed-to-create-account-with-invalid-password)
--------------------------------------------------------------------------------
20:24:56.217 [pool-2-thread-1] DEBUG net.thucydides.core.steps.StepInterceptor - STARTING STEP: RegistStep.adminSetEndpointForRegister - admin set endpoint for register
20:24:56.217 [pool-2-thread-1] DEBUG net.thucydides.core.steps.StepInterceptor - STEP DONE: admin set endpoint for register
  &amp#27;[32mGiven &amp#27;[0m&amp#27;[32madmin set endpoint for register&amp#27;[0m                                      &amp#27;[90m# starter.stepdefenitions.RegistStep.adminSetEndpointForRegister()&amp#27;[0m
20:24:56.226 [pool-2-thread-1] DEBUG net.thucydides.core.steps.StepInterceptor - STARTING STEP: RegistStep.adminSendPOSTHTTPRequestWithInvalidPassword - admin send POST HTTP request with invalid password
20:24:56.229 [pool-2-thread-1] DEBUG net.thucydides.core.steps.StepInterceptor - STARTING STEP: PostRegist.SendPOSTHTTPRequestWithInvalidPassword - admin set endpoint for register
20:24:56.230 [pool-2-thread-1] DEBUG net.thucydides.core.steps.StepInterceptor - STEP DONE: admin set endpoint for register
20:24:57.115 [pool-2-thread-1] DEBUG net.thucydides.core.steps.StepInterceptor - STEP DONE: admin send POST HTTP request with invalid password
  &amp#27;[32mWhen &amp#27;[0m&amp#27;[32madmin send POST HTTP request with invalid password&amp#27;[0m                    &amp#27;[90m# starter.stepdefenitions.RegistStep.adminSendPOSTHTTPRequestWithInvalidPassword()&amp#27;[0m
20:24:57.121 [pool-2-thread-1] DEBUG net.thucydides.core.steps.StepInterceptor - STARTING STEP: RegistStep.adminSeeStatusCodeAndFailToCreateAccount - admin get respone code 400
20:24:57.122 [pool-2-thread-1] DEBUG net.thucydides.core.steps.StepInterceptor - STEP DONE: admin get respone code 400
  &amp#27;[32mThen &amp#27;[0m&amp#27;[32madmin see status code &amp#27;[0m&amp#27;[32m&amp#27;[1m400&amp#27;[0m&amp#27;[32m and fail to create account&amp#27;[0m                  &amp#27;[90m# starter.stepdefenitions.RegistStep.adminSeeStatusCodeAndFailToCreateAccount(int)&amp#27;[0m
20:24:57.128 [pool-2-thread-1] DEBUG net.thucydides.core.steps.StepInterceptor - STARTING STEP: RegistStep.adminGetErrorMessageAfterRegist - admin get error message
20:24:57.156 [pool-2-thread-1] DEBUG net.thucydides.core.steps.StepInterceptor - STEP DONE: admin get error message
  &amp#27;[32mAnd &amp#27;[0m&amp#27;[32madmin get error message after regist&amp#27;[0m                                   &amp#27;[90m# starter.stepdefenitions.RegistStep.adminGetErrorMessageAfterRegist()&amp#27;[0m
20:24:57.160 [pool-2-thread-1] INFO  - 
  _____   ___   ___   _____     ___     _     ___   ___   ___   ___  
 |_   _| | __| / __| |_   _|   | _ \   /_\   / __| / __| | __| |   \ 
   | |   | _|  \__ \   | |     |  _/  / _ \  \__ \ \__ \ | _|  | |) |
   |_|   |___| |___/   |_|     |_|   /_/ \_\ |___/ |___/ |___| |___/ 

POST - As a admin I failed to create account with invalid password
----------------------------------------------------------------------
]]></system-out>
  </testcase>
  <testcase name="POST - As a admin I failed to create account with fill password with number only" classname="As admin i want to create account So that i can login and see home page" time="1.141">
    <system-out><![CDATA[
@register @register-negative
Scenario: POST - As a admin I failed to create account with fill password with number only &amp#27;[90m# src/test/resources/api/Register.feature:75&amp#27;[0m
20:24:57.170 [pool-2-thread-1] INFO io.cucumber.core.plugin.SerenityReporter - Running feature from file:///D:/kampus%20merdeka/QE_Capstone%20Kanbo/capstone/api/src/test/resources/api/Register.feature
20:24:57.170 [pool-2-thread-1] WARN io.cucumber.core.plugin.SerenityReporter - Feature from file:///D:/kampus%20merdeka/QE_Capstone%20Kanbo/capstone/api/src/test/resources/api/Register.feature is not under the 'features' directory. Requirements report will not be correctly generated!
20:24:57.176 [pool-2-thread-1] INFO  - 
  _____   ___   ___   _____     ___   _____     _     ___   _____   ___   ___  
 |_   _| | __| / __| |_   _|   / __| |_   _|   /_\   | _ \ |_   _| | __| |   \ 
   | |   | _|  \__ \   | |     \__ \   | |    / _ \  |   /   | |   | _|  | |) |
   |_|   |___| |___/   |_|     |___/   |_|   /_/ \_\ |_|_\   |_|   |___| |___/ 

POST - As a admin I failed to create account with fill password with number only(as-admin-i-want-to-create-account-so-that-i-can-login-and-see-home-page;post---as-a-admin-i-failed-to-create-account-with-fill-password-with-number-only)
--------------------------------------------------------------------------------
20:24:57.192 [pool-2-thread-1] DEBUG net.thucydides.core.steps.StepInterceptor - STARTING STEP: RegistStep.adminSetEndpointForRegister - admin set endpoint for register
20:24:57.194 [pool-2-thread-1] DEBUG net.thucydides.core.steps.StepInterceptor - STEP DONE: admin set endpoint for register
  &amp#27;[32mGiven &amp#27;[0m&amp#27;[32madmin set endpoint for register&amp#27;[0m                                                    &amp#27;[90m# starter.stepdefenitions.RegistStep.adminSetEndpointForRegister()&amp#27;[0m
20:24:57.206 [pool-2-thread-1] DEBUG net.thucydides.core.steps.StepInterceptor - STARTING STEP: RegistStep.adminSendPOSTHTTPRequestWithFillPasswordWithNumber - admin send POST HTTP request with fill password with number
20:24:57.354 [pool-2-thread-1] DEBUG net.thucydides.core.steps.StepInterceptor - STARTING STEP: PostRegist.SendPOSTHTTPRequestWithFillPasswordWithNumber - admin set endpoint for register
20:24:57.355 [pool-2-thread-1] DEBUG net.thucydides.core.steps.StepInterceptor - STEP DONE: admin set endpoint for register
20:24:58.257 [pool-2-thread-1] DEBUG net.thucydides.core.steps.StepInterceptor - STEP DONE: admin send POST HTTP request with fill password with number
  &amp#27;[32mWhen &amp#27;[0m&amp#27;[32madmin send POST HTTP request with fill password with number&amp#27;[0m                         &amp#27;[90m# starter.stepdefenitions.RegistStep.adminSendPOSTHTTPRequestWithFillPasswordWithNumber()&amp#27;[0m
20:24:58.269 [pool-2-thread-1] DEBUG net.thucydides.core.steps.StepInterceptor - STARTING STEP: RegistStep.adminSeeStatusCodeAfterSendRegister - admin see response code 200 after send register
20:24:58.270 [pool-2-thread-1] DEBUG net.thucydides.core.steps.StepInterceptor - STEP DONE: admin see response code 200 after send register
  &amp#27;[32mThen &amp#27;[0m&amp#27;[32madmin see status code &amp#27;[0m&amp#27;[32m&amp#27;[1m200&amp#27;[0m&amp#27;[32m after send register&amp#27;[0m                                       &amp#27;[90m# starter.stepdefenitions.RegistStep.adminSeeStatusCodeAfterSendRegister(int)&amp#27;[0m
20:24:58.275 [pool-2-thread-1] DEBUG net.thucydides.core.steps.StepInterceptor - STARTING STEP: RegistStep.adminSeeNewDetailAccount - admin see detail data
20:24:58.296 [pool-2-thread-1] DEBUG net.thucydides.core.steps.StepInterceptor - STEP DONE: admin see detail data
  &amp#27;[32mAnd &amp#27;[0m&amp#27;[32madmin see new detail account&amp#27;[0m                                                         &amp#27;[90m# starter.stepdefenitions.RegistStep.adminSeeNewDetailAccount()&amp#27;[0m
20:24:58.300 [pool-2-thread-1] INFO  - 
  _____   ___   ___   _____     ___     _     ___   ___   ___   ___  
 |_   _| | __| / __| |_   _|   | _ \   /_\   / __| / __| | __| |   \ 
   | |   | _|  \__ \   | |     |  _/  / _ \  \__ \ \__ \ | _|  | |) |
   |_|   |___| |___/   |_|     |_|   /_/ \_\ |___/ |___/ |___| |___/ 

POST - As a admin I failed to create account with fill password with number only
----------------------------------------------------------------------
]]></system-out>
  </testcase>
  <testcase name="POST - As a admin I failed to create account with fill password with letter only" classname="As admin i want to create account So that i can login and see home page" time="1.117">
    <system-out><![CDATA[
@register @register-negative
Scenario: POST - As a admin I failed to create account with fill password with letter only &amp#27;[90m# src/test/resources/api/Register.feature:82&amp#27;[0m
20:24:58.306 [pool-2-thread-1] INFO io.cucumber.core.plugin.SerenityReporter - Running feature from file:///D:/kampus%20merdeka/QE_Capstone%20Kanbo/capstone/api/src/test/resources/api/Register.feature
20:24:58.307 [pool-2-thread-1] WARN io.cucumber.core.plugin.SerenityReporter - Feature from file:///D:/kampus%20merdeka/QE_Capstone%20Kanbo/capstone/api/src/test/resources/api/Register.feature is not under the 'features' directory. Requirements report will not be correctly generated!
20:24:58.309 [pool-2-thread-1] INFO  - 
  _____   ___   ___   _____     ___   _____     _     ___   _____   ___   ___  
 |_   _| | __| / __| |_   _|   / __| |_   _|   /_\   | _ \ |_   _| | __| |   \ 
   | |   | _|  \__ \   | |     \__ \   | |    / _ \  |   /   | |   | _|  | |) |
   |_|   |___| |___/   |_|     |___/   |_|   /_/ \_\ |_|_\   |_|   |___| |___/ 

POST - As a admin I failed to create account with fill password with letter only(as-admin-i-want-to-create-account-so-that-i-can-login-and-see-home-page;post---as-a-admin-i-failed-to-create-account-with-fill-password-with-letter-only)
--------------------------------------------------------------------------------
20:24:58.320 [pool-2-thread-1] DEBUG net.thucydides.core.steps.StepInterceptor - STARTING STEP: RegistStep.adminSetEndpointForRegister - admin set endpoint for register
20:24:58.320 [pool-2-thread-1] DEBUG net.thucydides.core.steps.StepInterceptor - STEP DONE: admin set endpoint for register
  &amp#27;[32mGiven &amp#27;[0m&amp#27;[32madmin set endpoint for register&amp#27;[0m                                                    &amp#27;[90m# starter.stepdefenitions.RegistStep.adminSetEndpointForRegister()&amp#27;[0m
20:24:58.327 [pool-2-thread-1] DEBUG net.thucydides.core.steps.StepInterceptor - STARTING STEP: RegistStep.adminSendPOSTHTTPRequestWithFillPasswordWithLetter - admin send POST HTTP request with fill password with letter
20:24:58.446 [pool-2-thread-1] DEBUG net.thucydides.core.steps.StepInterceptor - STARTING STEP: PostRegist.SendPOSTHTTPRequestWithFillPasswordWithLetter - admin set endpoint for register
20:24:58.447 [pool-2-thread-1] DEBUG net.thucydides.core.steps.StepInterceptor - STEP DONE: admin set endpoint for register
20:24:59.374 [pool-2-thread-1] DEBUG net.thucydides.core.steps.StepInterceptor - STEP DONE: admin send POST HTTP request with fill password with letter
  &amp#27;[32mWhen &amp#27;[0m&amp#27;[32madmin send POST HTTP request with fill password with letter&amp#27;[0m                         &amp#27;[90m# starter.stepdefenitions.RegistStep.adminSendPOSTHTTPRequestWithFillPasswordWithLetter()&amp#27;[0m
20:24:59.382 [pool-2-thread-1] DEBUG net.thucydides.core.steps.StepInterceptor - STARTING STEP: RegistStep.adminSeeStatusCodeAfterSendRegister - admin see response code 200 after send register
20:24:59.383 [pool-2-thread-1] DEBUG net.thucydides.core.steps.StepInterceptor - STEP DONE: admin see response code 200 after send register
  &amp#27;[32mThen &amp#27;[0m&amp#27;[32madmin see status code &amp#27;[0m&amp#27;[32m&amp#27;[1m200&amp#27;[0m&amp#27;[32m after send register&amp#27;[0m                                       &amp#27;[90m# starter.stepdefenitions.RegistStep.adminSeeStatusCodeAfterSendRegister(int)&amp#27;[0m
20:24:59.388 [pool-2-thread-1] DEBUG net.thucydides.core.steps.StepInterceptor - STARTING STEP: RegistStep.adminSeeNewDetailAccount - admin see detail data
20:24:59.413 [pool-2-thread-1] DEBUG net.thucydides.core.steps.StepInterceptor - STEP DONE: admin see detail data
  &amp#27;[32mAnd &amp#27;[0m&amp#27;[32madmin see new detail account&amp#27;[0m                                                         &amp#27;[90m# starter.stepdefenitions.RegistStep.adminSeeNewDetailAccount()&amp#27;[0m
20:24:59.416 [pool-2-thread-1] INFO  - 
  _____   ___   ___   _____     ___     _     ___   ___   ___   ___  
 |_   _| | __| / __| |_   _|   | _ \   /_\   / __| / __| | __| |   \ 
   | |   | _|  \__ \   | |     |  _/  / _ \  \__ \ \__ \ | _|  | |) |
   |_|   |___| |___/   |_|     |_|   /_/ \_\ |___/ |___/ |___| |___/ 

POST - As a admin I failed to create account with fill password with letter only
----------------------------------------------------------------------
]]></system-out>
  </testcase>
  <testcase name="POST - As a admin I failed to create account with fill password with combination char" classname="As admin i want to create account So that i can login and see home page" time="1.524">
    <system-out><![CDATA[
@register @register-negative
Scenario: POST - As a admin I failed to create account with fill password with combination char &amp#27;[90m# src/test/resources/api/Register.feature:89&amp#27;[0m
20:24:59.424 [pool-2-thread-1] INFO io.cucumber.core.plugin.SerenityReporter - Running feature from file:///D:/kampus%20merdeka/QE_Capstone%20Kanbo/capstone/api/src/test/resources/api/Register.feature
20:24:59.424 [pool-2-thread-1] WARN io.cucumber.core.plugin.SerenityReporter - Feature from file:///D:/kampus%20merdeka/QE_Capstone%20Kanbo/capstone/api/src/test/resources/api/Register.feature is not under the 'features' directory. Requirements report will not be correctly generated!
20:24:59.426 [pool-2-thread-1] INFO  - 
  _____   ___   ___   _____     ___   _____     _     ___   _____   ___   ___  
 |_   _| | __| / __| |_   _|   / __| |_   _|   /_\   | _ \ |_   _| | __| |   \ 
   | |   | _|  \__ \   | |     \__ \   | |    / _ \  |   /   | |   | _|  | |) |
   |_|   |___| |___/   |_|     |___/   |_|   /_/ \_\ |_|_\   |_|   |___| |___/ 

POST - As a admin I failed to create account with fill password with combination char(as-admin-i-want-to-create-account-so-that-i-can-login-and-see-home-page;post---as-a-admin-i-failed-to-create-account-with-fill-password-with-combination-char)
--------------------------------------------------------------------------------
20:24:59.439 [pool-2-thread-1] DEBUG net.thucydides.core.steps.StepInterceptor - STARTING STEP: RegistStep.adminSetEndpointForRegister - admin set endpoint for register
20:24:59.439 [pool-2-thread-1] DEBUG net.thucydides.core.steps.StepInterceptor - STEP DONE: admin set endpoint for register
  &amp#27;[32mGiven &amp#27;[0m&amp#27;[32madmin set endpoint for register&amp#27;[0m                                                         &amp#27;[90m# starter.stepdefenitions.RegistStep.adminSetEndpointForRegister()&amp#27;[0m
20:24:59.446 [pool-2-thread-1] DEBUG net.thucydides.core.steps.StepInterceptor - STARTING STEP: RegistStep.adminSendPOSTHTTPRequestWithFillPasswordWithCombinationChar - admin send POST HTTP request with fill password with combination char
20:24:59.520 [pool-2-thread-1] DEBUG net.thucydides.core.steps.StepInterceptor - STARTING STEP: PostRegist.SendPOSTHTTPRequestWithFillPasswordWithCombinationChar - admin set endpoint for register
20:24:59.520 [pool-2-thread-1] DEBUG net.thucydides.core.steps.StepInterceptor - STEP DONE: admin set endpoint for register
20:25:00.885 [pool-2-thread-1] DEBUG net.thucydides.core.steps.StepInterceptor - STEP DONE: admin send POST HTTP request with fill password with combination char
  &amp#27;[32mWhen &amp#27;[0m&amp#27;[32madmin send POST HTTP request with fill password with combination char&amp#27;[0m                    &amp#27;[90m# starter.stepdefenitions.RegistStep.adminSendPOSTHTTPRequestWithFillPasswordWithCombinationChar()&amp#27;[0m
20:25:00.894 [pool-2-thread-1] DEBUG net.thucydides.core.steps.StepInterceptor - STARTING STEP: RegistStep.adminSeeStatusCodeAfterSendRegister - admin see response code 200 after send register
20:25:00.895 [pool-2-thread-1] DEBUG net.thucydides.core.steps.StepInterceptor - STEP DONE: admin see response code 200 after send register
  &amp#27;[32mThen &amp#27;[0m&amp#27;[32madmin see status code &amp#27;[0m&amp#27;[32m&amp#27;[1m200&amp#27;[0m&amp#27;[32m after send register&amp#27;[0m                                            &amp#27;[90m# starter.stepdefenitions.RegistStep.adminSeeStatusCodeAfterSendRegister(int)&amp#27;[0m
20:25:00.903 [pool-2-thread-1] DEBUG net.thucydides.core.steps.StepInterceptor - STARTING STEP: RegistStep.adminSeeNewDetailAccount - admin see detail data
20:25:00.937 [pool-2-thread-1] DEBUG net.thucydides.core.steps.StepInterceptor - STEP DONE: admin see detail data
  &amp#27;[32mAnd &amp#27;[0m&amp#27;[32madmin see new detail account&amp#27;[0m                                                              &amp#27;[90m# starter.stepdefenitions.RegistStep.adminSeeNewDetailAccount()&amp#27;[0m
20:25:00.941 [pool-2-thread-1] INFO  - 
  _____   ___   ___   _____     ___     _     ___   ___   ___   ___  
 |_   _| | __| / __| |_   _|   | _ \   /_\   / __| / __| | __| |   \ 
   | |   | _|  \__ \   | |     |  _/  / _ \  \__ \ \__ \ | _|  | |) |
   |_|   |___| |___/   |_|     |_|   /_/ \_\ |___/ |___/ |___| |___/ 

POST - As a admin I failed to create account with fill password with combination char
----------------------------------------------------------------------
]]></system-out>
  </testcase>
</testsuite>