<?xml version="1.0" encoding="UTF-8"?><testsuite errors="0" failures="1" name="As a user I want to check book in bookstore So that i visit to bookstore" skipped="0" tests="1" time="10.81" timestamp="2022-04-23 09:35:18"><testcase name="GET Book - As admin i failed to see existing book with input data"><failure message="1 expectation failed.&#10;Expected status code &lt;400&gt; but was &lt;200&gt;.&#10;" type="java.lang.AssertionError">1 expectation failed.
Expected status code &lt;400&gt; but was &lt;200&gt;.
</failure><system-err>1 expectation failed.
Expected status code &lt;400&gt; but was &lt;200&gt;.
&#13;
io.restassured.internal.ResponseSpecificationImpl.validateResponseIfRequired(ResponseSpecificationImpl.groovy:674)&#13;
io.restassured.internal.ResponseSpecificationImpl.statusCode(ResponseSpecificationImpl.groovy:126)&#13;
io.restassured.internal.ResponseSpecificationImpl.statusCode(ResponseSpecificationImpl.groovy:134)&#13;
io.restassured.internal.ValidatableResponseOptionsImpl.statusCode(ValidatableResponseOptionsImpl.java:89)&#13;
io.restassured.internal.ValidatableResponseImpl.super$2$statusCode(ValidatableResponseImpl.groovy)&#13;
groovy.lang.MetaMethod.doMethodInvoke(MetaMethod.java:323)&#13;
groovy.lang.MetaClassImpl.invokeMethod(MetaClassImpl.java:1267)&#13;
io.restassured.internal.ValidatableResponseImpl.statusCode(ValidatableResponseImpl.groovy:142)&#13;
io.restassured.internal.ValidatableResponseImpl.statusCode(ValidatableResponseImpl.groovy)&#13;
starter.book.Get.lambda$receiveValidCode400$1(Get.java:53)&#13;
net.serenitybdd.rest.SerenityRest.restAssuredThat(SerenityRest.java:626)&#13;
starter.book.Get.receiveValidCode400(Get.java:53)&#13;
starter.stepdefenitions.BookSteps.receiveValidCode400(BookSteps.java:46)&#13;
✽.I receive valid HTTP response code 400(file:///D:/kampus%20merdeka/Intelij/CICD/src/test/resources/api/Book.feature:14)&#13;
</system-err></testcase></testsuite>